2015/04/22 20:52:11 [trace] [system.CModule] Loading "log" application component
in /var/www/api.plataformaam.com/v2/index.php (23)
2015/04/22 20:52:11 [trace] [system.CModule] Loading "request" application component
in /var/www/api.plataformaam.com/v2/index.php (23)
2015/04/22 20:52:11 [trace] [system.CModule] Loading "urlManager" application component
in /var/www/api.plataformaam.com/v2/index.php (23)
2015/04/22 20:52:11 [trace] [system.web.filters.CFilterChain] Running filter ERestFilter.filter()
in /var/www/api.plataformaam.com/v2/index.php (23)
2015/04/22 20:52:11 [trace] [system.CModule] Loading "clientScript" application component
in /var/www/api.plataformaam.com/v2/protected/extensions/starship/restfullyii/behaviors/ERestBehavior.php (48)
in /var/www/api.plataformaam.com/v2/protected/extensions/starship/restfullyii/filters/ERestFilter.php (34)
in /var/www/api.plataformaam.com/v2/protected/extensions/starship/restfullyii/filters/ERestFilter.php (34)
2015/04/22 20:52:11 [trace] [application] pre.filter.req.disable.cweblogroute
in /var/www/api.plataformaam.com/v2/protected/extensions/starship/restfullyii/events/ERestEventListenerRegistry.php (79)
in /var/www/api.plataformaam.com/v2/protected/extensions/starship/restfullyii/events/Eventor/Eventor.php (170)
in /var/www/api.plataformaam.com/v2/protected/extensions/starship/restfullyii/behaviors/ERestBehavior.php (102)
2015/04/22 20:52:11 [trace] [application] req.disable.cweblogroute
in /var/www/api.plataformaam.com/v2/protected/extensions/starship/restfullyii/events/ERestEventListenerRegistry.php (79)
in /var/www/api.plataformaam.com/v2/protected/extensions/starship/restfullyii/events/Eventor/Eventor.php (170)
in /var/www/api.plataformaam.com/v2/protected/extensions/starship/restfullyii/behaviors/ERestBehavior.php (108)
2015/04/22 20:52:11 [trace] [application] post.filter.req.disable.cweblogroute
in /var/www/api.plataformaam.com/v2/protected/extensions/starship/restfullyii/events/ERestEventListenerRegistry.php (79)
in /var/www/api.plataformaam.com/v2/protected/extensions/starship/restfullyii/events/Eventor/Eventor.php (170)
in /var/www/api.plataformaam.com/v2/protected/extensions/starship/restfullyii/behaviors/ERestBehavior.php (111)
2015/04/22 20:52:11 [trace] [application] pre.filter.req.auth.https.only
in /var/www/api.plataformaam.com/v2/protected/extensions/starship/restfullyii/events/ERestEventListenerRegistry.php (79)
in /var/www/api.plataformaam.com/v2/protected/extensions/starship/restfullyii/events/Eventor/Eventor.php (170)
in /var/www/api.plataformaam.com/v2/protected/extensions/starship/restfullyii/behaviors/ERestBehavior.php (102)
2015/04/22 20:52:11 [trace] [application] req.auth.https.only
in /var/www/api.plataformaam.com/v2/protected/extensions/starship/restfullyii/events/ERestEventListenerRegistry.php (79)
in /var/www/api.plataformaam.com/v2/protected/extensions/starship/restfullyii/events/Eventor/Eventor.php (170)
in /var/www/api.plataformaam.com/v2/protected/extensions/starship/restfullyii/behaviors/ERestBehavior.php (108)
2015/04/22 20:52:11 [trace] [application] post.filter.req.auth.https.only
in /var/www/api.plataformaam.com/v2/protected/extensions/starship/restfullyii/events/ERestEventListenerRegistry.php (79)
in /var/www/api.plataformaam.com/v2/protected/extensions/starship/restfullyii/events/Eventor/Eventor.php (170)
in /var/www/api.plataformaam.com/v2/protected/extensions/starship/restfullyii/behaviors/ERestBehavior.php (111)
2015/04/22 20:52:11 [trace] [application] pre.filter.config.application.id
in /var/www/api.plataformaam.com/v2/protected/extensions/starship/restfullyii/events/ERestEventListenerRegistry.php (79)
in /var/www/api.plataformaam.com/v2/protected/extensions/starship/restfullyii/events/Eventor/Eventor.php (170)
in /var/www/api.plataformaam.com/v2/protected/extensions/starship/restfullyii/behaviors/ERestBehavior.php (102)
2015/04/22 20:52:11 [trace] [application] config.application.id
in /var/www/api.plataformaam.com/v2/protected/extensions/starship/restfullyii/events/ERestEventListenerRegistry.php (79)
in /var/www/api.plataformaam.com/v2/protected/extensions/starship/restfullyii/events/Eventor/Eventor.php (170)
in /var/www/api.plataformaam.com/v2/protected/extensions/starship/restfullyii/behaviors/ERestBehavior.php (108)
2015/04/22 20:52:11 [trace] [application] post.filter.config.application.id
in /var/www/api.plataformaam.com/v2/protected/extensions/starship/restfullyii/events/ERestEventListenerRegistry.php (79)
in /var/www/api.plataformaam.com/v2/protected/extensions/starship/restfullyii/events/Eventor/Eventor.php (170)
in /var/www/api.plataformaam.com/v2/protected/extensions/starship/restfullyii/behaviors/ERestBehavior.php (111)
2015/04/22 20:52:11 [trace] [application] pre.filter.req.auth.type
in /var/www/api.plataformaam.com/v2/protected/extensions/starship/restfullyii/events/ERestEventListenerRegistry.php (79)
in /var/www/api.plataformaam.com/v2/protected/extensions/starship/restfullyii/events/Eventor/Eventor.php (170)
in /var/www/api.plataformaam.com/v2/protected/extensions/starship/restfullyii/behaviors/ERestBehavior.php (102)
2015/04/22 20:52:11 [trace] [application] req.auth.type
in /var/www/api.plataformaam.com/v2/protected/extensions/starship/restfullyii/events/ERestEventListenerRegistry.php (79)
in /var/www/api.plataformaam.com/v2/protected/extensions/starship/restfullyii/events/Eventor/Eventor.php (170)
in /var/www/api.plataformaam.com/v2/protected/extensions/starship/restfullyii/behaviors/ERestBehavior.php (108)
2015/04/22 20:52:11 [trace] [application] post.filter.req.auth.type
in /var/www/api.plataformaam.com/v2/protected/extensions/starship/restfullyii/events/ERestEventListenerRegistry.php (79)
in /var/www/api.plataformaam.com/v2/protected/extensions/starship/restfullyii/events/Eventor/Eventor.php (170)
in /var/www/api.plataformaam.com/v2/protected/extensions/starship/restfullyii/behaviors/ERestBehavior.php (111)
2015/04/22 20:52:11 [trace] [application] pre.filter.req.auth.ajax.user
in /var/www/api.plataformaam.com/v2/protected/extensions/starship/restfullyii/events/ERestEventListenerRegistry.php (79)
in /var/www/api.plataformaam.com/v2/protected/extensions/starship/restfullyii/events/Eventor/Eventor.php (170)
in /var/www/api.plataformaam.com/v2/protected/extensions/starship/restfullyii/behaviors/ERestBehavior.php (102)
2015/04/22 20:52:11 [trace] [application] req.auth.ajax.user
in /var/www/api.plataformaam.com/v2/protected/extensions/starship/restfullyii/events/ERestEventListenerRegistry.php (79)
in /var/www/api.plataformaam.com/v2/protected/extensions/starship/restfullyii/events/Eventor/Eventor.php (170)
in /var/www/api.plataformaam.com/v2/protected/extensions/starship/restfullyii/behaviors/ERestBehavior.php (108)
2015/04/22 20:52:11 [trace] [system.db.ar.CActiveRecord] User.findByAttributes()
in /var/www/api.plataformaam.com/v2/protected/components/UserIdentity.php (42)
in /var/www/api.plataformaam.com/v2/protected/config/main.php (167)
in /var/www/api.plataformaam.com/v2/protected/extensions/starship/restfullyii/events/Eventor/Eventor.php (170)
2015/04/22 20:52:11 [trace] [system.CModule] Loading "db" application component
in /var/www/api.plataformaam.com/v2/protected/components/UserIdentity.php (42)
in /var/www/api.plataformaam.com/v2/protected/config/main.php (167)
in /var/www/api.plataformaam.com/v2/protected/extensions/starship/restfullyii/events/Eventor/Eventor.php (170)
2015/04/22 20:52:11 [trace] [system.db.CDbConnection] Opening DB connection
in /var/www/api.plataformaam.com/v2/protected/components/UserIdentity.php (42)
in /var/www/api.plataformaam.com/v2/protected/config/main.php (167)
in /var/www/api.plataformaam.com/v2/protected/extensions/starship/restfullyii/events/Eventor/Eventor.php (170)
2015/04/22 20:52:11 [trace] [system.db.CDbCommand] Querying SQL: SHOW FULL COLUMNS FROM `User`
in /var/www/api.plataformaam.com/v2/protected/components/UserIdentity.php (42)
in /var/www/api.plataformaam.com/v2/protected/config/main.php (167)
in /var/www/api.plataformaam.com/v2/protected/extensions/starship/restfullyii/events/Eventor/Eventor.php (170)
2015/04/22 20:52:11 [trace] [system.db.CDbCommand] Querying SQL: SHOW CREATE TABLE `User`
in /var/www/api.plataformaam.com/v2/protected/components/UserIdentity.php (42)
in /var/www/api.plataformaam.com/v2/protected/config/main.php (167)
in /var/www/api.plataformaam.com/v2/protected/extensions/starship/restfullyii/events/Eventor/Eventor.php (170)
2015/04/22 20:52:11 [trace] [system.db.CDbCommand] Querying SQL: SELECT * FROM `User` `t` WHERE `t`.`login`=:yp0 LIMIT 1
in /var/www/api.plataformaam.com/v2/protected/components/UserIdentity.php (42)
in /var/www/api.plataformaam.com/v2/protected/config/main.php (167)
in /var/www/api.plataformaam.com/v2/protected/extensions/starship/restfullyii/events/Eventor/Eventor.php (170)
2015/04/22 20:52:11 [trace] [system.CModule] Loading "user" application component
in /var/www/api.plataformaam.com/v2/protected/config/main.php (168)
in /var/www/api.plataformaam.com/v2/protected/extensions/starship/restfullyii/events/Eventor/Eventor.php (170)
in /var/www/api.plataformaam.com/v2/protected/extensions/starship/restfullyii/behaviors/ERestBehavior.php (109)
2015/04/22 20:52:11 [trace] [system.CModule] Loading "session" application component
in /var/www/api.plataformaam.com/v2/protected/config/main.php (168)
in /var/www/api.plataformaam.com/v2/protected/extensions/starship/restfullyii/events/Eventor/Eventor.php (170)
in /var/www/api.plataformaam.com/v2/protected/extensions/starship/restfullyii/behaviors/ERestBehavior.php (109)
2015/04/22 20:52:11 [trace] [application] post.filter.req.auth.ajax.user
in /var/www/api.plataformaam.com/v2/protected/extensions/starship/restfullyii/events/ERestEventListenerRegistry.php (79)
in /var/www/api.plataformaam.com/v2/protected/extensions/starship/restfullyii/events/Eventor/Eventor.php (170)
in /var/www/api.plataformaam.com/v2/protected/extensions/starship/restfullyii/behaviors/ERestBehavior.php (111)
2015/04/22 20:52:11 [trace] [application] pre.filter.req.auth.uri
in /var/www/api.plataformaam.com/v2/protected/extensions/starship/restfullyii/events/ERestEventListenerRegistry.php (79)
in /var/www/api.plataformaam.com/v2/protected/extensions/starship/restfullyii/events/Eventor/Eventor.php (170)
in /var/www/api.plataformaam.com/v2/protected/extensions/starship/restfullyii/behaviors/ERestBehavior.php (102)
2015/04/22 20:52:11 [trace] [application] req.auth.uri
in /var/www/api.plataformaam.com/v2/protected/extensions/starship/restfullyii/events/ERestEventListenerRegistry.php (79)
in /var/www/api.plataformaam.com/v2/protected/extensions/starship/restfullyii/events/Eventor/Eventor.php (170)
in /var/www/api.plataformaam.com/v2/protected/extensions/starship/restfullyii/behaviors/ERestBehavior.php (108)
2015/04/22 20:52:11 [trace] [application] post.filter.req.auth.uri
in /var/www/api.plataformaam.com/v2/protected/extensions/starship/restfullyii/events/ERestEventListenerRegistry.php (79)
in /var/www/api.plataformaam.com/v2/protected/extensions/starship/restfullyii/events/Eventor/Eventor.php (170)
in /var/www/api.plataformaam.com/v2/protected/extensions/starship/restfullyii/behaviors/ERestBehavior.php (111)
2015/04/22 20:52:11 [trace] [application] pre.filter.model.visible.properties
in /var/www/api.plataformaam.com/v2/protected/extensions/starship/restfullyii/events/ERestEventListenerRegistry.php (79)
in /var/www/api.plataformaam.com/v2/protected/extensions/starship/restfullyii/events/Eventor/Eventor.php (170)
in /var/www/api.plataformaam.com/v2/protected/extensions/starship/restfullyii/behaviors/ERestBehavior.php (102)
2015/04/22 20:52:11 [trace] [application] model.visible.properties
in /var/www/api.plataformaam.com/v2/protected/extensions/starship/restfullyii/events/ERestEventListenerRegistry.php (79)
in /var/www/api.plataformaam.com/v2/protected/extensions/starship/restfullyii/events/Eventor/Eventor.php (170)
in /var/www/api.plataformaam.com/v2/protected/extensions/starship/restfullyii/behaviors/ERestBehavior.php (108)
2015/04/22 20:52:11 [trace] [application] post.filter.model.visible.properties
in /var/www/api.plataformaam.com/v2/protected/extensions/starship/restfullyii/events/ERestEventListenerRegistry.php (79)
in /var/www/api.plataformaam.com/v2/protected/extensions/starship/restfullyii/events/Eventor/Eventor.php (170)
in /var/www/api.plataformaam.com/v2/protected/extensions/starship/restfullyii/behaviors/ERestBehavior.php (111)
2015/04/22 20:52:11 [trace] [application] pre.filter.model.hidden.properties
in /var/www/api.plataformaam.com/v2/protected/extensions/starship/restfullyii/events/ERestEventListenerRegistry.php (79)
in /var/www/api.plataformaam.com/v2/protected/extensions/starship/restfullyii/events/Eventor/Eventor.php (170)
in /var/www/api.plataformaam.com/v2/protected/extensions/starship/restfullyii/behaviors/ERestBehavior.php (102)
2015/04/22 20:52:11 [trace] [application] model.hidden.properties
in /var/www/api.plataformaam.com/v2/protected/extensions/starship/restfullyii/events/ERestEventListenerRegistry.php (79)
in /var/www/api.plataformaam.com/v2/protected/extensions/starship/restfullyii/events/Eventor/Eventor.php (170)
in /var/www/api.plataformaam.com/v2/protected/extensions/starship/restfullyii/behaviors/ERestBehavior.php (108)
2015/04/22 20:52:11 [trace] [application] post.filter.model.hidden.properties
in /var/www/api.plataformaam.com/v2/protected/extensions/starship/restfullyii/events/ERestEventListenerRegistry.php (79)
in /var/www/api.plataformaam.com/v2/protected/extensions/starship/restfullyii/events/Eventor/Eventor.php (170)
in /var/www/api.plataformaam.com/v2/protected/extensions/starship/restfullyii/behaviors/ERestBehavior.php (111)
2015/04/22 20:52:11 [trace] [application] pre.filter.req.param.is.pk
in /var/www/api.plataformaam.com/v2/protected/extensions/starship/restfullyii/events/ERestEventListenerRegistry.php (79)
in /var/www/api.plataformaam.com/v2/protected/extensions/starship/restfullyii/events/Eventor/Eventor.php (170)
in /var/www/api.plataformaam.com/v2/protected/extensions/starship/restfullyii/behaviors/ERestBehavior.php (102)
2015/04/22 20:52:11 [trace] [application] req.param.is.pk
in /var/www/api.plataformaam.com/v2/protected/extensions/starship/restfullyii/events/ERestEventListenerRegistry.php (79)
in /var/www/api.plataformaam.com/v2/protected/extensions/starship/restfullyii/events/Eventor/Eventor.php (170)
in /var/www/api.plataformaam.com/v2/protected/extensions/starship/restfullyii/behaviors/ERestBehavior.php (108)
2015/04/22 20:52:11 [trace] [application] post.filter.req.param.is.pk
in /var/www/api.plataformaam.com/v2/protected/extensions/starship/restfullyii/events/ERestEventListenerRegistry.php (79)
in /var/www/api.plataformaam.com/v2/protected/extensions/starship/restfullyii/events/Eventor/Eventor.php (170)
in /var/www/api.plataformaam.com/v2/protected/extensions/starship/restfullyii/behaviors/ERestBehavior.php (111)
2015/04/22 20:52:11 [trace] [application] pre.filter.model.instance
in /var/www/api.plataformaam.com/v2/protected/extensions/starship/restfullyii/events/ERestEventListenerRegistry.php (79)
in /var/www/api.plataformaam.com/v2/protected/extensions/starship/restfullyii/events/Eventor/Eventor.php (170)
in /var/www/api.plataformaam.com/v2/protected/extensions/starship/restfullyii/behaviors/ERestBehavior.php (102)
2015/04/22 20:52:11 [trace] [application] model.instance
in /var/www/api.plataformaam.com/v2/protected/extensions/starship/restfullyii/events/ERestEventListenerRegistry.php (79)
in /var/www/api.plataformaam.com/v2/protected/extensions/starship/restfullyii/events/Eventor/Eventor.php (170)
in /var/www/api.plataformaam.com/v2/protected/extensions/starship/restfullyii/behaviors/ERestBehavior.php (108)
2015/04/22 20:52:11 [trace] [system.db.CDbCommand] Querying SQL: SHOW FULL COLUMNS FROM `VComUPIAggregationRuleStart`
in /var/www/api.plataformaam.com/v2/protected/extensions/starship/restfullyii/events/ERestEventListenerRegistry.php (579)
in /var/www/api.plataformaam.com/v2/protected/extensions/starship/restfullyii/events/Eventor/Eventor.php (170)
in /var/www/api.plataformaam.com/v2/protected/extensions/starship/restfullyii/behaviors/ERestBehavior.php (109)
2015/04/22 20:52:11 [trace] [system.db.CDbCommand] Querying SQL: SHOW CREATE TABLE `VComUPIAggregationRuleStart`
in /var/www/api.plataformaam.com/v2/protected/extensions/starship/restfullyii/events/ERestEventListenerRegistry.php (579)
in /var/www/api.plataformaam.com/v2/protected/extensions/starship/restfullyii/events/Eventor/Eventor.php (170)
in /var/www/api.plataformaam.com/v2/protected/extensions/starship/restfullyii/behaviors/ERestBehavior.php (109)
2015/04/22 20:52:11 [trace] [application] post.filter.model.instance
in /var/www/api.plataformaam.com/v2/protected/extensions/starship/restfullyii/events/ERestEventListenerRegistry.php (79)
in /var/www/api.plataformaam.com/v2/protected/extensions/starship/restfullyii/events/Eventor/Eventor.php (170)
in /var/www/api.plataformaam.com/v2/protected/extensions/starship/restfullyii/behaviors/ERestBehavior.php (111)
2015/04/22 20:52:11 [trace] [application] pre.filter.model.attach.behaviors
in /var/www/api.plataformaam.com/v2/protected/extensions/starship/restfullyii/events/ERestEventListenerRegistry.php (79)
in /var/www/api.plataformaam.com/v2/protected/extensions/starship/restfullyii/events/Eventor/Eventor.php (170)
in /var/www/api.plataformaam.com/v2/protected/extensions/starship/restfullyii/behaviors/ERestBehavior.php (102)
2015/04/22 20:52:11 [trace] [application] model.attach.behaviors
in /var/www/api.plataformaam.com/v2/protected/extensions/starship/restfullyii/events/ERestEventListenerRegistry.php (79)
in /var/www/api.plataformaam.com/v2/protected/extensions/starship/restfullyii/events/Eventor/Eventor.php (170)
in /var/www/api.plataformaam.com/v2/protected/extensions/starship/restfullyii/behaviors/ERestBehavior.php (108)
2015/04/22 20:52:11 [trace] [application] post.filter.model.attach.behaviors
in /var/www/api.plataformaam.com/v2/protected/extensions/starship/restfullyii/events/ERestEventListenerRegistry.php (79)
in /var/www/api.plataformaam.com/v2/protected/extensions/starship/restfullyii/events/Eventor/Eventor.php (170)
in /var/www/api.plataformaam.com/v2/protected/extensions/starship/restfullyii/behaviors/ERestBehavior.php (111)
2015/04/22 20:52:11 [trace] [application] pre.filter.model.scenario
in /var/www/api.plataformaam.com/v2/protected/extensions/starship/restfullyii/events/ERestEventListenerRegistry.php (79)
in /var/www/api.plataformaam.com/v2/protected/extensions/starship/restfullyii/events/Eventor/Eventor.php (170)
in /var/www/api.plataformaam.com/v2/protected/extensions/starship/restfullyii/behaviors/ERestBehavior.php (102)
2015/04/22 20:52:11 [trace] [application] model.scenario
in /var/www/api.plataformaam.com/v2/protected/extensions/starship/restfullyii/events/ERestEventListenerRegistry.php (79)
in /var/www/api.plataformaam.com/v2/protected/extensions/starship/restfullyii/events/Eventor/Eventor.php (170)
in /var/www/api.plataformaam.com/v2/protected/extensions/starship/restfullyii/behaviors/ERestBehavior.php (108)
2015/04/22 20:52:11 [trace] [application] post.filter.model.scenario
in /var/www/api.plataformaam.com/v2/protected/extensions/starship/restfullyii/events/ERestEventListenerRegistry.php (79)
in /var/www/api.plataformaam.com/v2/protected/extensions/starship/restfullyii/events/Eventor/Eventor.php (170)
in /var/www/api.plataformaam.com/v2/protected/extensions/starship/restfullyii/behaviors/ERestBehavior.php (111)
2015/04/22 20:52:11 [trace] [application] pre.filter.model.lazy.load.relations
in /var/www/api.plataformaam.com/v2/protected/extensions/starship/restfullyii/events/ERestEventListenerRegistry.php (79)
in /var/www/api.plataformaam.com/v2/protected/extensions/starship/restfullyii/events/Eventor/Eventor.php (170)
in /var/www/api.plataformaam.com/v2/protected/extensions/starship/restfullyii/behaviors/ERestBehavior.php (102)
2015/04/22 20:52:11 [trace] [application] model.lazy.load.relations
in /var/www/api.plataformaam.com/v2/protected/extensions/starship/restfullyii/events/ERestEventListenerRegistry.php (79)
in /var/www/api.plataformaam.com/v2/protected/extensions/starship/restfullyii/events/Eventor/Eventor.php (170)
in /var/www/api.plataformaam.com/v2/protected/extensions/starship/restfullyii/behaviors/ERestBehavior.php (108)
2015/04/22 20:52:11 [trace] [application] post.filter.model.lazy.load.relations
in /var/www/api.plataformaam.com/v2/protected/extensions/starship/restfullyii/events/ERestEventListenerRegistry.php (79)
in /var/www/api.plataformaam.com/v2/protected/extensions/starship/restfullyii/events/Eventor/Eventor.php (170)
in /var/www/api.plataformaam.com/v2/protected/extensions/starship/restfullyii/behaviors/ERestBehavior.php (111)
2015/04/22 20:52:11 [trace] [application] pre.filter.model.filter
in /var/www/api.plataformaam.com/v2/protected/extensions/starship/restfullyii/events/ERestEventListenerRegistry.php (79)
in /var/www/api.plataformaam.com/v2/protected/extensions/starship/restfullyii/events/Eventor/Eventor.php (170)
in /var/www/api.plataformaam.com/v2/protected/extensions/starship/restfullyii/behaviors/ERestBehavior.php (102)
2015/04/22 20:52:11 [trace] [application] model.filter
in /var/www/api.plataformaam.com/v2/protected/extensions/starship/restfullyii/events/ERestEventListenerRegistry.php (79)
in /var/www/api.plataformaam.com/v2/protected/extensions/starship/restfullyii/events/Eventor/Eventor.php (170)
in /var/www/api.plataformaam.com/v2/protected/extensions/starship/restfullyii/behaviors/ERestBehavior.php (108)
2015/04/22 20:52:11 [trace] [application] post.filter.model.filter
in /var/www/api.plataformaam.com/v2/protected/extensions/starship/restfullyii/events/ERestEventListenerRegistry.php (79)
in /var/www/api.plataformaam.com/v2/protected/extensions/starship/restfullyii/events/Eventor/Eventor.php (170)
in /var/www/api.plataformaam.com/v2/protected/extensions/starship/restfullyii/behaviors/ERestBehavior.php (111)
2015/04/22 20:52:11 [trace] [application] pre.filter.model.sort
in /var/www/api.plataformaam.com/v2/protected/extensions/starship/restfullyii/events/ERestEventListenerRegistry.php (79)
in /var/www/api.plataformaam.com/v2/protected/extensions/starship/restfullyii/events/Eventor/Eventor.php (170)
in /var/www/api.plataformaam.com/v2/protected/extensions/starship/restfullyii/behaviors/ERestBehavior.php (102)
2015/04/22 20:52:11 [trace] [application] model.sort
in /var/www/api.plataformaam.com/v2/protected/extensions/starship/restfullyii/events/ERestEventListenerRegistry.php (79)
in /var/www/api.plataformaam.com/v2/protected/extensions/starship/restfullyii/events/Eventor/Eventor.php (170)
in /var/www/api.plataformaam.com/v2/protected/extensions/starship/restfullyii/behaviors/ERestBehavior.php (108)
2015/04/22 20:52:11 [trace] [application] post.filter.model.sort
in /var/www/api.plataformaam.com/v2/protected/extensions/starship/restfullyii/events/ERestEventListenerRegistry.php (79)
in /var/www/api.plataformaam.com/v2/protected/extensions/starship/restfullyii/events/Eventor/Eventor.php (170)
in /var/www/api.plataformaam.com/v2/protected/extensions/starship/restfullyii/behaviors/ERestBehavior.php (111)
2015/04/22 20:52:11 [trace] [application] pre.filter.model.limit
in /var/www/api.plataformaam.com/v2/protected/extensions/starship/restfullyii/events/ERestEventListenerRegistry.php (79)
in /var/www/api.plataformaam.com/v2/protected/extensions/starship/restfullyii/events/Eventor/Eventor.php (170)
in /var/www/api.plataformaam.com/v2/protected/extensions/starship/restfullyii/behaviors/ERestBehavior.php (102)
2015/04/22 20:52:11 [trace] [application] model.limit
in /var/www/api.plataformaam.com/v2/protected/extensions/starship/restfullyii/events/ERestEventListenerRegistry.php (79)
in /var/www/api.plataformaam.com/v2/protected/extensions/starship/restfullyii/events/Eventor/Eventor.php (170)
in /var/www/api.plataformaam.com/v2/protected/extensions/starship/restfullyii/behaviors/ERestBehavior.php (108)
2015/04/22 20:52:11 [trace] [application] post.filter.model.limit
in /var/www/api.plataformaam.com/v2/protected/extensions/starship/restfullyii/events/ERestEventListenerRegistry.php (79)
in /var/www/api.plataformaam.com/v2/protected/extensions/starship/restfullyii/events/Eventor/Eventor.php (170)
in /var/www/api.plataformaam.com/v2/protected/extensions/starship/restfullyii/behaviors/ERestBehavior.php (111)
2015/04/22 20:52:11 [trace] [application] pre.filter.model.offset
in /var/www/api.plataformaam.com/v2/protected/extensions/starship/restfullyii/events/ERestEventListenerRegistry.php (79)
in /var/www/api.plataformaam.com/v2/protected/extensions/starship/restfullyii/events/Eventor/Eventor.php (170)
in /var/www/api.plataformaam.com/v2/protected/extensions/starship/restfullyii/behaviors/ERestBehavior.php (102)
2015/04/22 20:52:11 [trace] [application] model.offset
in /var/www/api.plataformaam.com/v2/protected/extensions/starship/restfullyii/events/ERestEventListenerRegistry.php (79)
in /var/www/api.plataformaam.com/v2/protected/extensions/starship/restfullyii/events/Eventor/Eventor.php (170)
in /var/www/api.plataformaam.com/v2/protected/extensions/starship/restfullyii/behaviors/ERestBehavior.php (108)
2015/04/22 20:52:11 [trace] [application] post.filter.model.offset
in /var/www/api.plataformaam.com/v2/protected/extensions/starship/restfullyii/events/ERestEventListenerRegistry.php (79)
in /var/www/api.plataformaam.com/v2/protected/extensions/starship/restfullyii/events/Eventor/Eventor.php (170)
in /var/www/api.plataformaam.com/v2/protected/extensions/starship/restfullyii/behaviors/ERestBehavior.php (111)
2015/04/22 20:52:11 [trace] [application] pre.filter.model.find.all
in /var/www/api.plataformaam.com/v2/protected/extensions/starship/restfullyii/events/ERestEventListenerRegistry.php (79)
in /var/www/api.plataformaam.com/v2/protected/extensions/starship/restfullyii/events/Eventor/Eventor.php (170)
in /var/www/api.plataformaam.com/v2/protected/extensions/starship/restfullyii/behaviors/ERestBehavior.php (102)
2015/04/22 20:52:11 [trace] [application] model.find.all
in /var/www/api.plataformaam.com/v2/protected/extensions/starship/restfullyii/events/ERestEventListenerRegistry.php (79)
in /var/www/api.plataformaam.com/v2/protected/extensions/starship/restfullyii/events/Eventor/Eventor.php (170)
in /var/www/api.plataformaam.com/v2/protected/extensions/starship/restfullyii/behaviors/ERestBehavior.php (108)
2015/04/22 20:52:11 [trace] [system.db.ar.CActiveRecord] VComUPIAggregationRuleStart.findAll()
in /var/www/api.plataformaam.com/v2/protected/extensions/starship/restfullyii/events/ERestEventListenerRegistry.php (730)
in /var/www/api.plataformaam.com/v2/protected/extensions/starship/restfullyii/events/Eventor/Eventor.php (170)
in /var/www/api.plataformaam.com/v2/protected/extensions/starship/restfullyii/behaviors/ERestBehavior.php (109)
2015/04/22 20:52:11 [trace] [system.db.CDbCommand] Querying SQL: SELECT * FROM `VComUPIAggregationRuleStart` `t` LIMIT 100
in /var/www/api.plataformaam.com/v2/protected/extensions/starship/restfullyii/events/ERestEventListenerRegistry.php (730)
in /var/www/api.plataformaam.com/v2/protected/extensions/starship/restfullyii/events/Eventor/Eventor.php (170)
in /var/www/api.plataformaam.com/v2/protected/extensions/starship/restfullyii/behaviors/ERestBehavior.php (109)
2015/04/22 20:52:11 [trace] [application] post.filter.model.find.all
in /var/www/api.plataformaam.com/v2/protected/extensions/starship/restfullyii/events/ERestEventListenerRegistry.php (79)
in /var/www/api.plataformaam.com/v2/protected/extensions/starship/restfullyii/events/Eventor/Eventor.php (170)
in /var/www/api.plataformaam.com/v2/protected/extensions/starship/restfullyii/behaviors/ERestBehavior.php (111)
2015/04/22 20:52:11 [trace] [application] pre.filter.model.instance
in /var/www/api.plataformaam.com/v2/protected/extensions/starship/restfullyii/events/ERestEventListenerRegistry.php (79)
in /var/www/api.plataformaam.com/v2/protected/extensions/starship/restfullyii/events/Eventor/Eventor.php (170)
in /var/www/api.plataformaam.com/v2/protected/extensions/starship/restfullyii/behaviors/ERestBehavior.php (102)
2015/04/22 20:52:11 [trace] [application] model.instance
in /var/www/api.plataformaam.com/v2/protected/extensions/starship/restfullyii/events/ERestEventListenerRegistry.php (79)
in /var/www/api.plataformaam.com/v2/protected/extensions/starship/restfullyii/events/Eventor/Eventor.php (170)
in /var/www/api.plataformaam.com/v2/protected/extensions/starship/restfullyii/behaviors/ERestBehavior.php (108)
2015/04/22 20:52:11 [trace] [application] post.filter.model.instance
in /var/www/api.plataformaam.com/v2/protected/extensions/starship/restfullyii/events/ERestEventListenerRegistry.php (79)
in /var/www/api.plataformaam.com/v2/protected/extensions/starship/restfullyii/events/Eventor/Eventor.php (170)
in /var/www/api.plataformaam.com/v2/protected/extensions/starship/restfullyii/behaviors/ERestBehavior.php (111)
2015/04/22 20:52:11 [trace] [application] pre.filter.model.instance
in /var/www/api.plataformaam.com/v2/protected/extensions/starship/restfullyii/events/ERestEventListenerRegistry.php (79)
in /var/www/api.plataformaam.com/v2/protected/extensions/starship/restfullyii/events/Eventor/Eventor.php (170)
in /var/www/api.plataformaam.com/v2/protected/extensions/starship/restfullyii/behaviors/ERestBehavior.php (102)
2015/04/22 20:52:11 [trace] [application] model.instance
in /var/www/api.plataformaam.com/v2/protected/extensions/starship/restfullyii/events/ERestEventListenerRegistry.php (79)
in /var/www/api.plataformaam.com/v2/protected/extensions/starship/restfullyii/events/Eventor/Eventor.php (170)
in /var/www/api.plataformaam.com/v2/protected/extensions/starship/restfullyii/behaviors/ERestBehavior.php (108)
2015/04/22 20:52:11 [trace] [application] post.filter.model.instance
in /var/www/api.plataformaam.com/v2/protected/extensions/starship/restfullyii/events/ERestEventListenerRegistry.php (79)
in /var/www/api.plataformaam.com/v2/protected/extensions/starship/restfullyii/events/Eventor/Eventor.php (170)
in /var/www/api.plataformaam.com/v2/protected/extensions/starship/restfullyii/behaviors/ERestBehavior.php (111)
2015/04/22 20:52:11 [trace] [application] pre.filter.model.with.relations
in /var/www/api.plataformaam.com/v2/protected/extensions/starship/restfullyii/events/ERestEventListenerRegistry.php (79)
in /var/www/api.plataformaam.com/v2/protected/extensions/starship/restfullyii/events/Eventor/Eventor.php (170)
in /var/www/api.plataformaam.com/v2/protected/extensions/starship/restfullyii/behaviors/ERestBehavior.php (102)
2015/04/22 20:52:11 [trace] [application] model.with.relations
in /var/www/api.plataformaam.com/v2/protected/extensions/starship/restfullyii/events/ERestEventListenerRegistry.php (79)
in /var/www/api.plataformaam.com/v2/protected/extensions/starship/restfullyii/events/Eventor/Eventor.php (170)
in /var/www/api.plataformaam.com/v2/protected/extensions/starship/restfullyii/behaviors/ERestBehavior.php (108)
2015/04/22 20:52:11 [trace] [system.db.CDbCommand] Querying SQL: SHOW FULL COLUMNS FROM `UPIAggregationRuleStart`
in /var/www/api.plataformaam.com/v2/protected/extensions/starship/restfullyii/events/ERestEventListenerRegistry.php (686)
in /var/www/api.plataformaam.com/v2/protected/extensions/starship/restfullyii/events/Eventor/Eventor.php (170)
in /var/www/api.plataformaam.com/v2/protected/extensions/starship/restfullyii/behaviors/ERestBehavior.php (109)
2015/04/22 20:52:11 [trace] [system.db.CDbCommand] Querying SQL: SHOW CREATE TABLE `UPIAggregationRuleStart`
in /var/www/api.plataformaam.com/v2/protected/extensions/starship/restfullyii/events/ERestEventListenerRegistry.php (686)
in /var/www/api.plataformaam.com/v2/protected/extensions/starship/restfullyii/events/Eventor/Eventor.php (170)
in /var/www/api.plataformaam.com/v2/protected/extensions/starship/restfullyii/behaviors/ERestBehavior.php (109)
2015/04/22 20:52:11 [trace] [system.db.CDbCommand] Querying SQL: SHOW FULL COLUMNS FROM `VComUserRole`
in /var/www/api.plataformaam.com/v2/protected/extensions/starship/restfullyii/events/ERestEventListenerRegistry.php (686)
in /var/www/api.plataformaam.com/v2/protected/extensions/starship/restfullyii/events/Eventor/Eventor.php (170)
in /var/www/api.plataformaam.com/v2/protected/extensions/starship/restfullyii/behaviors/ERestBehavior.php (109)
2015/04/22 20:52:11 [trace] [system.db.CDbCommand] Querying SQL: SHOW CREATE TABLE `VComUserRole`
in /var/www/api.plataformaam.com/v2/protected/extensions/starship/restfullyii/events/ERestEventListenerRegistry.php (686)
in /var/www/api.plataformaam.com/v2/protected/extensions/starship/restfullyii/events/Eventor/Eventor.php (170)
in /var/www/api.plataformaam.com/v2/protected/extensions/starship/restfullyii/behaviors/ERestBehavior.php (109)
2015/04/22 20:52:11 [trace] [application] post.filter.model.with.relations
in /var/www/api.plataformaam.com/v2/protected/extensions/starship/restfullyii/events/ERestEventListenerRegistry.php (79)
in /var/www/api.plataformaam.com/v2/protected/extensions/starship/restfullyii/events/Eventor/Eventor.php (170)
in /var/www/api.plataformaam.com/v2/protected/extensions/starship/restfullyii/behaviors/ERestBehavior.php (111)
2015/04/22 20:52:11 [trace] [application] pre.filter.model.instance
in /var/www/api.plataformaam.com/v2/protected/extensions/starship/restfullyii/events/ERestEventListenerRegistry.php (79)
in /var/www/api.plataformaam.com/v2/protected/extensions/starship/restfullyii/events/Eventor/Eventor.php (170)
in /var/www/api.plataformaam.com/v2/protected/extensions/starship/restfullyii/behaviors/ERestBehavior.php (102)
2015/04/22 20:52:11 [trace] [application] model.instance
in /var/www/api.plataformaam.com/v2/protected/extensions/starship/restfullyii/events/ERestEventListenerRegistry.php (79)
in /var/www/api.plataformaam.com/v2/protected/extensions/starship/restfullyii/events/Eventor/Eventor.php (170)
in /var/www/api.plataformaam.com/v2/protected/extensions/starship/restfullyii/behaviors/ERestBehavior.php (108)
2015/04/22 20:52:11 [trace] [application] post.filter.model.instance
in /var/www/api.plataformaam.com/v2/protected/extensions/starship/restfullyii/events/ERestEventListenerRegistry.php (79)
in /var/www/api.plataformaam.com/v2/protected/extensions/starship/restfullyii/events/Eventor/Eventor.php (170)
in /var/www/api.plataformaam.com/v2/protected/extensions/starship/restfullyii/behaviors/ERestBehavior.php (111)
2015/04/22 20:52:11 [trace] [application] pre.filter.model.attach.behaviors
in /var/www/api.plataformaam.com/v2/protected/extensions/starship/restfullyii/events/ERestEventListenerRegistry.php (79)
in /var/www/api.plataformaam.com/v2/protected/extensions/starship/restfullyii/events/Eventor/Eventor.php (170)
in /var/www/api.plataformaam.com/v2/protected/extensions/starship/restfullyii/behaviors/ERestBehavior.php (102)
2015/04/22 20:52:11 [trace] [application] model.attach.behaviors
in /var/www/api.plataformaam.com/v2/protected/extensions/starship/restfullyii/events/ERestEventListenerRegistry.php (79)
in /var/www/api.plataformaam.com/v2/protected/extensions/starship/restfullyii/events/Eventor/Eventor.php (170)
in /var/www/api.plataformaam.com/v2/protected/extensions/starship/restfullyii/behaviors/ERestBehavior.php (108)
2015/04/22 20:52:11 [trace] [application] post.filter.model.attach.behaviors
in /var/www/api.plataformaam.com/v2/protected/extensions/starship/restfullyii/events/ERestEventListenerRegistry.php (79)
in /var/www/api.plataformaam.com/v2/protected/extensions/starship/restfullyii/events/Eventor/Eventor.php (170)
in /var/www/api.plataformaam.com/v2/protected/extensions/starship/restfullyii/behaviors/ERestBehavior.php (111)
2015/04/22 20:52:11 [trace] [application] pre.filter.model.scenario
in /var/www/api.plataformaam.com/v2/protected/extensions/starship/restfullyii/events/ERestEventListenerRegistry.php (79)
in /var/www/api.plataformaam.com/v2/protected/extensions/starship/restfullyii/events/Eventor/Eventor.php (170)
in /var/www/api.plataformaam.com/v2/protected/extensions/starship/restfullyii/behaviors/ERestBehavior.php (102)
2015/04/22 20:52:11 [trace] [application] model.scenario
in /var/www/api.plataformaam.com/v2/protected/extensions/starship/restfullyii/events/ERestEventListenerRegistry.php (79)
in /var/www/api.plataformaam.com/v2/protected/extensions/starship/restfullyii/events/Eventor/Eventor.php (170)
in /var/www/api.plataformaam.com/v2/protected/extensions/starship/restfullyii/behaviors/ERestBehavior.php (108)
2015/04/22 20:52:11 [trace] [application] post.filter.model.scenario
in /var/www/api.plataformaam.com/v2/protected/extensions/starship/restfullyii/events/ERestEventListenerRegistry.php (79)
in /var/www/api.plataformaam.com/v2/protected/extensions/starship/restfullyii/events/Eventor/Eventor.php (170)
in /var/www/api.plataformaam.com/v2/protected/extensions/starship/restfullyii/behaviors/ERestBehavior.php (111)
2015/04/22 20:52:11 [trace] [application] pre.filter.model.lazy.load.relations
in /var/www/api.plataformaam.com/v2/protected/extensions/starship/restfullyii/events/ERestEventListenerRegistry.php (79)
in /var/www/api.plataformaam.com/v2/protected/extensions/starship/restfullyii/events/Eventor/Eventor.php (170)
in /var/www/api.plataformaam.com/v2/protected/extensions/starship/restfullyii/behaviors/ERestBehavior.php (102)
2015/04/22 20:52:11 [trace] [application] model.lazy.load.relations
in /var/www/api.plataformaam.com/v2/protected/extensions/starship/restfullyii/events/ERestEventListenerRegistry.php (79)
in /var/www/api.plataformaam.com/v2/protected/extensions/starship/restfullyii/events/Eventor/Eventor.php (170)
in /var/www/api.plataformaam.com/v2/protected/extensions/starship/restfullyii/behaviors/ERestBehavior.php (108)
2015/04/22 20:52:11 [trace] [application] post.filter.model.lazy.load.relations
in /var/www/api.plataformaam.com/v2/protected/extensions/starship/restfullyii/events/ERestEventListenerRegistry.php (79)
in /var/www/api.plataformaam.com/v2/protected/extensions/starship/restfullyii/events/Eventor/Eventor.php (170)
in /var/www/api.plataformaam.com/v2/protected/extensions/starship/restfullyii/behaviors/ERestBehavior.php (111)
2015/04/22 20:52:11 [trace] [application] pre.filter.model.filter
in /var/www/api.plataformaam.com/v2/protected/extensions/starship/restfullyii/events/ERestEventListenerRegistry.php (79)
in /var/www/api.plataformaam.com/v2/protected/extensions/starship/restfullyii/events/Eventor/Eventor.php (170)
in /var/www/api.plataformaam.com/v2/protected/extensions/starship/restfullyii/behaviors/ERestBehavior.php (102)
2015/04/22 20:52:11 [trace] [application] model.filter
in /var/www/api.plataformaam.com/v2/protected/extensions/starship/restfullyii/events/ERestEventListenerRegistry.php (79)
in /var/www/api.plataformaam.com/v2/protected/extensions/starship/restfullyii/events/Eventor/Eventor.php (170)
in /var/www/api.plataformaam.com/v2/protected/extensions/starship/restfullyii/behaviors/ERestBehavior.php (108)
2015/04/22 20:52:11 [trace] [application] post.filter.model.filter
in /var/www/api.plataformaam.com/v2/protected/extensions/starship/restfullyii/events/ERestEventListenerRegistry.php (79)
in /var/www/api.plataformaam.com/v2/protected/extensions/starship/restfullyii/events/Eventor/Eventor.php (170)
in /var/www/api.plataformaam.com/v2/protected/extensions/starship/restfullyii/behaviors/ERestBehavior.php (111)
2015/04/22 20:52:11 [trace] [application] pre.filter.model.sort
in /var/www/api.plataformaam.com/v2/protected/extensions/starship/restfullyii/events/ERestEventListenerRegistry.php (79)
in /var/www/api.plataformaam.com/v2/protected/extensions/starship/restfullyii/events/Eventor/Eventor.php (170)
in /var/www/api.plataformaam.com/v2/protected/extensions/starship/restfullyii/behaviors/ERestBehavior.php (102)
2015/04/22 20:52:11 [trace] [application] model.sort
in /var/www/api.plataformaam.com/v2/protected/extensions/starship/restfullyii/events/ERestEventListenerRegistry.php (79)
in /var/www/api.plataformaam.com/v2/protected/extensions/starship/restfullyii/events/Eventor/Eventor.php (170)
in /var/www/api.plataformaam.com/v2/protected/extensions/starship/restfullyii/behaviors/ERestBehavior.php (108)
2015/04/22 20:52:11 [trace] [application] post.filter.model.sort
in /var/www/api.plataformaam.com/v2/protected/extensions/starship/restfullyii/events/ERestEventListenerRegistry.php (79)
in /var/www/api.plataformaam.com/v2/protected/extensions/starship/restfullyii/events/Eventor/Eventor.php (170)
in /var/www/api.plataformaam.com/v2/protected/extensions/starship/restfullyii/behaviors/ERestBehavior.php (111)
2015/04/22 20:52:11 [trace] [application] pre.filter.model.count
in /var/www/api.plataformaam.com/v2/protected/extensions/starship/restfullyii/events/ERestEventListenerRegistry.php (79)
in /var/www/api.plataformaam.com/v2/protected/extensions/starship/restfullyii/events/Eventor/Eventor.php (170)
in /var/www/api.plataformaam.com/v2/protected/extensions/starship/restfullyii/behaviors/ERestBehavior.php (102)
2015/04/22 20:52:11 [trace] [application] model.count
in /var/www/api.plataformaam.com/v2/protected/extensions/starship/restfullyii/events/ERestEventListenerRegistry.php (79)
in /var/www/api.plataformaam.com/v2/protected/extensions/starship/restfullyii/events/Eventor/Eventor.php (170)
in /var/www/api.plataformaam.com/v2/protected/extensions/starship/restfullyii/behaviors/ERestBehavior.php (108)
2015/04/22 20:52:11 [trace] [system.db.ar.CActiveRecord] VComUPIAggregationRuleStart.count()
in /var/www/api.plataformaam.com/v2/protected/extensions/starship/restfullyii/events/ERestEventListenerRegistry.php (743)
in /var/www/api.plataformaam.com/v2/protected/extensions/starship/restfullyii/events/Eventor/Eventor.php (170)
in /var/www/api.plataformaam.com/v2/protected/extensions/starship/restfullyii/behaviors/ERestBehavior.php (109)
2015/04/22 20:52:11 [trace] [system.db.CDbCommand] Querying SQL: SELECT COUNT(*) FROM `VComUPIAggregationRuleStart` `t`
in /var/www/api.plataformaam.com/v2/protected/extensions/starship/restfullyii/events/ERestEventListenerRegistry.php (743)
in /var/www/api.plataformaam.com/v2/protected/extensions/starship/restfullyii/events/Eventor/Eventor.php (170)
in /var/www/api.plataformaam.com/v2/protected/extensions/starship/restfullyii/behaviors/ERestBehavior.php (109)
2015/04/22 20:52:11 [trace] [application] post.filter.model.count
in /var/www/api.plataformaam.com/v2/protected/extensions/starship/restfullyii/events/ERestEventListenerRegistry.php (79)
in /var/www/api.plataformaam.com/v2/protected/extensions/starship/restfullyii/events/Eventor/Eventor.php (170)
in /var/www/api.plataformaam.com/v2/protected/extensions/starship/restfullyii/behaviors/ERestBehavior.php (111)
2015/04/22 20:52:11 [trace] [application] pre.filter.req.get.resources.render
in /var/www/api.plataformaam.com/v2/protected/extensions/starship/restfullyii/events/ERestEventListenerRegistry.php (79)
in /var/www/api.plataformaam.com/v2/protected/extensions/starship/restfullyii/events/Eventor/Eventor.php (170)
in /var/www/api.plataformaam.com/v2/protected/extensions/starship/restfullyii/behaviors/ERestBehavior.php (102)
2015/04/22 20:52:11 [trace] [application] req.get.resources.render
in /var/www/api.plataformaam.com/v2/protected/extensions/starship/restfullyii/events/ERestEventListenerRegistry.php (79)
in /var/www/api.plataformaam.com/v2/protected/extensions/starship/restfullyii/events/Eventor/Eventor.php (170)
in /var/www/api.plataformaam.com/v2/protected/extensions/starship/restfullyii/behaviors/ERestBehavior.php (108)
2015/04/22 20:52:11 [trace] [system.CModule] Loading "widgetFactory" application component
in /var/www/api.plataformaam.com/v2/protected/extensions/starship/restfullyii/views/api/output.php (13)
in /var/www/api.plataformaam.com/v2/protected/extensions/starship/restfullyii/behaviors/ERestBehavior.php (221)
in /var/www/api.plataformaam.com/v2/protected/extensions/starship/restfullyii/events/ERestEventListenerRegistry.php (357)
2015/04/22 20:52:11 [trace] [system.db.ar.CActiveRecord] lazy loading VComUPIAggregationRuleStart.upiaggregationrulestart0
in /var/www/api.plataformaam.com/v2/protected/extensions/starship/restfullyii/widgets/ERestJSONOutputWidget.php (156)
in /var/www/api.plataformaam.com/v2/protected/extensions/starship/restfullyii/widgets/ERestJSONOutputWidget.php (158)
in /var/www/api.plataformaam.com/v2/protected/extensions/starship/restfullyii/widgets/ERestJSONOutputWidget.php (115)
2015/04/22 20:52:11 [trace] [system.db.CDbCommand] Querying SQL: SELECT `upiaggregationrulestart0`.`id` AS `t1_c0`, `upiaggregationrulestart0`.`vcombase` AS `t1_c1`, `upiaggregationrulestart0`.`upitype` AS `t1_c2`, `upiaggregationrulestart0`.`name` AS `t1_c3`, `upiaggregationrulestart0`.`description` AS `t1_c4`, `upiaggregationrulestart0`.`requirePositionToCreate` AS `t1_c5`, `upiaggregationrulestart0`.`requirePositionToView` AS `t1_c6`, `upiaggregationrulestart0`.`republisAllowed` AS `t1_c7`, `upiaggregationrulestart0`.`isSingleton` AS `t1_c8`, `upiaggregationrulestart0`.`visibleDistance` AS `t1_c9` FROM `UPIAggregationRuleStart` `upiaggregationrulestart0`  WHERE (`upiaggregationrulestart0`.`id`=:ypl0)
in /var/www/api.plataformaam.com/v2/protected/extensions/starship/restfullyii/widgets/ERestJSONOutputWidget.php (156)
in /var/www/api.plataformaam.com/v2/protected/extensions/starship/restfullyii/widgets/ERestJSONOutputWidget.php (158)
in /var/www/api.plataformaam.com/v2/protected/extensions/starship/restfullyii/widgets/ERestJSONOutputWidget.php (115)
2015/04/22 20:52:11 [trace] [system.db.ar.CActiveRecord] lazy loading VComUPIAggregationRuleStart.vcomuserrole0
in /var/www/api.plataformaam.com/v2/protected/extensions/starship/restfullyii/widgets/ERestJSONOutputWidget.php (156)
in /var/www/api.plataformaam.com/v2/protected/extensions/starship/restfullyii/widgets/ERestJSONOutputWidget.php (158)
in /var/www/api.plataformaam.com/v2/protected/extensions/starship/restfullyii/widgets/ERestJSONOutputWidget.php (115)
2015/04/22 20:52:11 [trace] [system.db.CDbCommand] Querying SQL: SELECT `vcomuserrole0`.`id` AS `t1_c0`, `vcomuserrole0`.`vcomcomposite` AS `t1_c1`, `vcomuserrole0`.`name` AS `t1_c2`, `vcomuserrole0`.`allowedEditVComAggregationRule` AS `t1_c3`, `vcomuserrole0`.`allowedEditVCom` AS `t1_c4`, `vcomuserrole0`.`isClientDefault` AS `t1_c5`, `vcomuserrole0`.`isClientSelectable` AS `t1_c6`, `vcomuserrole0`.`allowedAccessPedagogicalPanel` AS `t1_c7`, `vcomuserrole0`.`allowedAccessOnlineMap` AS `t1_c8` FROM `VComUserRole` `vcomuserrole0`  WHERE (`vcomuserrole0`.`id`=:ypl0)
in /var/www/api.plataformaam.com/v2/protected/extensions/starship/restfullyii/widgets/ERestJSONOutputWidget.php (156)
in /var/www/api.plataformaam.com/v2/protected/extensions/starship/restfullyii/widgets/ERestJSONOutputWidget.php (158)
in /var/www/api.plataformaam.com/v2/protected/extensions/starship/restfullyii/widgets/ERestJSONOutputWidget.php (115)
2015/04/22 20:52:11 [trace] [system.db.ar.CActiveRecord] lazy loading VComUPIAggregationRuleStart.upiaggregationrulestart0
in /var/www/api.plataformaam.com/v2/protected/extensions/starship/restfullyii/widgets/ERestJSONOutputWidget.php (156)
in /var/www/api.plataformaam.com/v2/protected/extensions/starship/restfullyii/widgets/ERestJSONOutputWidget.php (158)
in /var/www/api.plataformaam.com/v2/protected/extensions/starship/restfullyii/widgets/ERestJSONOutputWidget.php (115)
2015/04/22 20:52:11 [trace] [system.db.CDbCommand] Querying SQL: SELECT `upiaggregationrulestart0`.`id` AS `t1_c0`, `upiaggregationrulestart0`.`vcombase` AS `t1_c1`, `upiaggregationrulestart0`.`upitype` AS `t1_c2`, `upiaggregationrulestart0`.`name` AS `t1_c3`, `upiaggregationrulestart0`.`description` AS `t1_c4`, `upiaggregationrulestart0`.`requirePositionToCreate` AS `t1_c5`, `upiaggregationrulestart0`.`requirePositionToView` AS `t1_c6`, `upiaggregationrulestart0`.`republisAllowed` AS `t1_c7`, `upiaggregationrulestart0`.`isSingleton` AS `t1_c8`, `upiaggregationrulestart0`.`visibleDistance` AS `t1_c9` FROM `UPIAggregationRuleStart` `upiaggregationrulestart0`  WHERE (`upiaggregationrulestart0`.`id`=:ypl0)
in /var/www/api.plataformaam.com/v2/protected/extensions/starship/restfullyii/widgets/ERestJSONOutputWidget.php (156)
in /var/www/api.plataformaam.com/v2/protected/extensions/starship/restfullyii/widgets/ERestJSONOutputWidget.php (158)
in /var/www/api.plataformaam.com/v2/protected/extensions/starship/restfullyii/widgets/ERestJSONOutputWidget.php (115)
2015/04/22 20:52:11 [trace] [system.db.ar.CActiveRecord] lazy loading VComUPIAggregationRuleStart.vcomuserrole0
in /var/www/api.plataformaam.com/v2/protected/extensions/starship/restfullyii/widgets/ERestJSONOutputWidget.php (156)
in /var/www/api.plataformaam.com/v2/protected/extensions/starship/restfullyii/widgets/ERestJSONOutputWidget.php (158)
in /var/www/api.plataformaam.com/v2/protected/extensions/starship/restfullyii/widgets/ERestJSONOutputWidget.php (115)
2015/04/22 20:52:11 [trace] [system.db.CDbCommand] Querying SQL: SELECT `vcomuserrole0`.`id` AS `t1_c0`, `vcomuserrole0`.`vcomcomposite` AS `t1_c1`, `vcomuserrole0`.`name` AS `t1_c2`, `vcomuserrole0`.`allowedEditVComAggregationRule` AS `t1_c3`, `vcomuserrole0`.`allowedEditVCom` AS `t1_c4`, `vcomuserrole0`.`isClientDefault` AS `t1_c5`, `vcomuserrole0`.`isClientSelectable` AS `t1_c6`, `vcomuserrole0`.`allowedAccessPedagogicalPanel` AS `t1_c7`, `vcomuserrole0`.`allowedAccessOnlineMap` AS `t1_c8` FROM `VComUserRole` `vcomuserrole0`  WHERE (`vcomuserrole0`.`id`=:ypl0)
in /var/www/api.plataformaam.com/v2/protected/extensions/starship/restfullyii/widgets/ERestJSONOutputWidget.php (156)
in /var/www/api.plataformaam.com/v2/protected/extensions/starship/restfullyii/widgets/ERestJSONOutputWidget.php (158)
in /var/www/api.plataformaam.com/v2/protected/extensions/starship/restfullyii/widgets/ERestJSONOutputWidget.php (115)
2015/04/22 20:52:11 [trace] [system.db.ar.CActiveRecord] lazy loading VComUPIAggregationRuleStart.upiaggregationrulestart0
in /var/www/api.plataformaam.com/v2/protected/extensions/starship/restfullyii/widgets/ERestJSONOutputWidget.php (156)
in /var/www/api.plataformaam.com/v2/protected/extensions/starship/restfullyii/widgets/ERestJSONOutputWidget.php (158)
in /var/www/api.plataformaam.com/v2/protected/extensions/starship/restfullyii/widgets/ERestJSONOutputWidget.php (115)
2015/04/22 20:52:11 [trace] [system.db.CDbCommand] Querying SQL: SELECT `upiaggregationrulestart0`.`id` AS `t1_c0`, `upiaggregationrulestart0`.`vcombase` AS `t1_c1`, `upiaggregationrulestart0`.`upitype` AS `t1_c2`, `upiaggregationrulestart0`.`name` AS `t1_c3`, `upiaggregationrulestart0`.`description` AS `t1_c4`, `upiaggregationrulestart0`.`requirePositionToCreate` AS `t1_c5`, `upiaggregationrulestart0`.`requirePositionToView` AS `t1_c6`, `upiaggregationrulestart0`.`republisAllowed` AS `t1_c7`, `upiaggregationrulestart0`.`isSingleton` AS `t1_c8`, `upiaggregationrulestart0`.`visibleDistance` AS `t1_c9` FROM `UPIAggregationRuleStart` `upiaggregationrulestart0`  WHERE (`upiaggregationrulestart0`.`id`=:ypl0)
in /var/www/api.plataformaam.com/v2/protected/extensions/starship/restfullyii/widgets/ERestJSONOutputWidget.php (156)
in /var/www/api.plataformaam.com/v2/protected/extensions/starship/restfullyii/widgets/ERestJSONOutputWidget.php (158)
in /var/www/api.plataformaam.com/v2/protected/extensions/starship/restfullyii/widgets/ERestJSONOutputWidget.php (115)
2015/04/22 20:52:11 [trace] [system.db.ar.CActiveRecord] lazy loading VComUPIAggregationRuleStart.vcomuserrole0
in /var/www/api.plataformaam.com/v2/protected/extensions/starship/restfullyii/widgets/ERestJSONOutputWidget.php (156)
in /var/www/api.plataformaam.com/v2/protected/extensions/starship/restfullyii/widgets/ERestJSONOutputWidget.php (158)
in /var/www/api.plataformaam.com/v2/protected/extensions/starship/restfullyii/widgets/ERestJSONOutputWidget.php (115)
2015/04/22 20:52:11 [trace] [system.db.CDbCommand] Querying SQL: SELECT `vcomuserrole0`.`id` AS `t1_c0`, `vcomuserrole0`.`vcomcomposite` AS `t1_c1`, `vcomuserrole0`.`name` AS `t1_c2`, `vcomuserrole0`.`allowedEditVComAggregationRule` AS `t1_c3`, `vcomuserrole0`.`allowedEditVCom` AS `t1_c4`, `vcomuserrole0`.`isClientDefault` AS `t1_c5`, `vcomuserrole0`.`isClientSelectable` AS `t1_c6`, `vcomuserrole0`.`allowedAccessPedagogicalPanel` AS `t1_c7`, `vcomuserrole0`.`allowedAccessOnlineMap` AS `t1_c8` FROM `VComUserRole` `vcomuserrole0`  WHERE (`vcomuserrole0`.`id`=:ypl0)
in /var/www/api.plataformaam.com/v2/protected/extensions/starship/restfullyii/widgets/ERestJSONOutputWidget.php (156)
in /var/www/api.plataformaam.com/v2/protected/extensions/starship/restfullyii/widgets/ERestJSONOutputWidget.php (158)
in /var/www/api.plataformaam.com/v2/protected/extensions/starship/restfullyii/widgets/ERestJSONOutputWidget.php (115)
2015/04/22 20:52:11 [trace] [system.db.ar.CActiveRecord] lazy loading VComUPIAggregationRuleStart.upiaggregationrulestart0
in /var/www/api.plataformaam.com/v2/protected/extensions/starship/restfullyii/widgets/ERestJSONOutputWidget.php (156)
in /var/www/api.plataformaam.com/v2/protected/extensions/starship/restfullyii/widgets/ERestJSONOutputWidget.php (158)
in /var/www/api.plataformaam.com/v2/protected/extensions/starship/restfullyii/widgets/ERestJSONOutputWidget.php (115)
2015/04/22 20:52:11 [trace] [system.db.CDbCommand] Querying SQL: SELECT `upiaggregationrulestart0`.`id` AS `t1_c0`, `upiaggregationrulestart0`.`vcombase` AS `t1_c1`, `upiaggregationrulestart0`.`upitype` AS `t1_c2`, `upiaggregationrulestart0`.`name` AS `t1_c3`, `upiaggregationrulestart0`.`description` AS `t1_c4`, `upiaggregationrulestart0`.`requirePositionToCreate` AS `t1_c5`, `upiaggregationrulestart0`.`requirePositionToView` AS `t1_c6`, `upiaggregationrulestart0`.`republisAllowed` AS `t1_c7`, `upiaggregationrulestart0`.`isSingleton` AS `t1_c8`, `upiaggregationrulestart0`.`visibleDistance` AS `t1_c9` FROM `UPIAggregationRuleStart` `upiaggregationrulestart0`  WHERE (`upiaggregationrulestart0`.`id`=:ypl0)
in /var/www/api.plataformaam.com/v2/protected/extensions/starship/restfullyii/widgets/ERestJSONOutputWidget.php (156)
in /var/www/api.plataformaam.com/v2/protected/extensions/starship/restfullyii/widgets/ERestJSONOutputWidget.php (158)
in /var/www/api.plataformaam.com/v2/protected/extensions/starship/restfullyii/widgets/ERestJSONOutputWidget.php (115)
2015/04/22 20:52:11 [trace] [system.db.ar.CActiveRecord] lazy loading VComUPIAggregationRuleStart.vcomuserrole0
in /var/www/api.plataformaam.com/v2/protected/extensions/starship/restfullyii/widgets/ERestJSONOutputWidget.php (156)
in /var/www/api.plataformaam.com/v2/protected/extensions/starship/restfullyii/widgets/ERestJSONOutputWidget.php (158)
in /var/www/api.plataformaam.com/v2/protected/extensions/starship/restfullyii/widgets/ERestJSONOutputWidget.php (115)
2015/04/22 20:52:11 [trace] [system.db.CDbCommand] Querying SQL: SELECT `vcomuserrole0`.`id` AS `t1_c0`, `vcomuserrole0`.`vcomcomposite` AS `t1_c1`, `vcomuserrole0`.`name` AS `t1_c2`, `vcomuserrole0`.`allowedEditVComAggregationRule` AS `t1_c3`, `vcomuserrole0`.`allowedEditVCom` AS `t1_c4`, `vcomuserrole0`.`isClientDefault` AS `t1_c5`, `vcomuserrole0`.`isClientSelectable` AS `t1_c6`, `vcomuserrole0`.`allowedAccessPedagogicalPanel` AS `t1_c7`, `vcomuserrole0`.`allowedAccessOnlineMap` AS `t1_c8` FROM `VComUserRole` `vcomuserrole0`  WHERE (`vcomuserrole0`.`id`=:ypl0)
in /var/www/api.plataformaam.com/v2/protected/extensions/starship/restfullyii/widgets/ERestJSONOutputWidget.php (156)
in /var/www/api.plataformaam.com/v2/protected/extensions/starship/restfullyii/widgets/ERestJSONOutputWidget.php (158)
in /var/www/api.plataformaam.com/v2/protected/extensions/starship/restfullyii/widgets/ERestJSONOutputWidget.php (115)
2015/04/22 20:52:11 [trace] [system.db.ar.CActiveRecord] lazy loading VComUPIAggregationRuleStart.upiaggregationrulestart0
in /var/www/api.plataformaam.com/v2/protected/extensions/starship/restfullyii/widgets/ERestJSONOutputWidget.php (156)
in /var/www/api.plataformaam.com/v2/protected/extensions/starship/restfullyii/widgets/ERestJSONOutputWidget.php (158)
in /var/www/api.plataformaam.com/v2/protected/extensions/starship/restfullyii/widgets/ERestJSONOutputWidget.php (115)
2015/04/22 20:52:11 [trace] [system.db.CDbCommand] Querying SQL: SELECT `upiaggregationrulestart0`.`id` AS `t1_c0`, `upiaggregationrulestart0`.`vcombase` AS `t1_c1`, `upiaggregationrulestart0`.`upitype` AS `t1_c2`, `upiaggregationrulestart0`.`name` AS `t1_c3`, `upiaggregationrulestart0`.`description` AS `t1_c4`, `upiaggregationrulestart0`.`requirePositionToCreate` AS `t1_c5`, `upiaggregationrulestart0`.`requirePositionToView` AS `t1_c6`, `upiaggregationrulestart0`.`republisAllowed` AS `t1_c7`, `upiaggregationrulestart0`.`isSingleton` AS `t1_c8`, `upiaggregationrulestart0`.`visibleDistance` AS `t1_c9` FROM `UPIAggregationRuleStart` `upiaggregationrulestart0`  WHERE (`upiaggregationrulestart0`.`id`=:ypl0)
in /var/www/api.plataformaam.com/v2/protected/extensions/starship/restfullyii/widgets/ERestJSONOutputWidget.php (156)
in /var/www/api.plataformaam.com/v2/protected/extensions/starship/restfullyii/widgets/ERestJSONOutputWidget.php (158)
in /var/www/api.plataformaam.com/v2/protected/extensions/starship/restfullyii/widgets/ERestJSONOutputWidget.php (115)
2015/04/22 20:52:11 [trace] [system.db.ar.CActiveRecord] lazy loading VComUPIAggregationRuleStart.vcomuserrole0
in /var/www/api.plataformaam.com/v2/protected/extensions/starship/restfullyii/widgets/ERestJSONOutputWidget.php (156)
in /var/www/api.plataformaam.com/v2/protected/extensions/starship/restfullyii/widgets/ERestJSONOutputWidget.php (158)
in /var/www/api.plataformaam.com/v2/protected/extensions/starship/restfullyii/widgets/ERestJSONOutputWidget.php (115)
2015/04/22 20:52:11 [trace] [system.db.CDbCommand] Querying SQL: SELECT `vcomuserrole0`.`id` AS `t1_c0`, `vcomuserrole0`.`vcomcomposite` AS `t1_c1`, `vcomuserrole0`.`name` AS `t1_c2`, `vcomuserrole0`.`allowedEditVComAggregationRule` AS `t1_c3`, `vcomuserrole0`.`allowedEditVCom` AS `t1_c4`, `vcomuserrole0`.`isClientDefault` AS `t1_c5`, `vcomuserrole0`.`isClientSelectable` AS `t1_c6`, `vcomuserrole0`.`allowedAccessPedagogicalPanel` AS `t1_c7`, `vcomuserrole0`.`allowedAccessOnlineMap` AS `t1_c8` FROM `VComUserRole` `vcomuserrole0`  WHERE (`vcomuserrole0`.`id`=:ypl0)
in /var/www/api.plataformaam.com/v2/protected/extensions/starship/restfullyii/widgets/ERestJSONOutputWidget.php (156)
in /var/www/api.plataformaam.com/v2/protected/extensions/starship/restfullyii/widgets/ERestJSONOutputWidget.php (158)
in /var/www/api.plataformaam.com/v2/protected/extensions/starship/restfullyii/widgets/ERestJSONOutputWidget.php (115)
2015/04/22 20:52:11 [trace] [system.db.ar.CActiveRecord] lazy loading VComUPIAggregationRuleStart.upiaggregationrulestart0
in /var/www/api.plataformaam.com/v2/protected/extensions/starship/restfullyii/widgets/ERestJSONOutputWidget.php (156)
in /var/www/api.plataformaam.com/v2/protected/extensions/starship/restfullyii/widgets/ERestJSONOutputWidget.php (158)
in /var/www/api.plataformaam.com/v2/protected/extensions/starship/restfullyii/widgets/ERestJSONOutputWidget.php (115)
2015/04/22 20:52:11 [trace] [system.db.CDbCommand] Querying SQL: SELECT `upiaggregationrulestart0`.`id` AS `t1_c0`, `upiaggregationrulestart0`.`vcombase` AS `t1_c1`, `upiaggregationrulestart0`.`upitype` AS `t1_c2`, `upiaggregationrulestart0`.`name` AS `t1_c3`, `upiaggregationrulestart0`.`description` AS `t1_c4`, `upiaggregationrulestart0`.`requirePositionToCreate` AS `t1_c5`, `upiaggregationrulestart0`.`requirePositionToView` AS `t1_c6`, `upiaggregationrulestart0`.`republisAllowed` AS `t1_c7`, `upiaggregationrulestart0`.`isSingleton` AS `t1_c8`, `upiaggregationrulestart0`.`visibleDistance` AS `t1_c9` FROM `UPIAggregationRuleStart` `upiaggregationrulestart0`  WHERE (`upiaggregationrulestart0`.`id`=:ypl0)
in /var/www/api.plataformaam.com/v2/protected/extensions/starship/restfullyii/widgets/ERestJSONOutputWidget.php (156)
in /var/www/api.plataformaam.com/v2/protected/extensions/starship/restfullyii/widgets/ERestJSONOutputWidget.php (158)
in /var/www/api.plataformaam.com/v2/protected/extensions/starship/restfullyii/widgets/ERestJSONOutputWidget.php (115)
2015/04/22 20:52:11 [trace] [system.db.ar.CActiveRecord] lazy loading VComUPIAggregationRuleStart.vcomuserrole0
in /var/www/api.plataformaam.com/v2/protected/extensions/starship/restfullyii/widgets/ERestJSONOutputWidget.php (156)
in /var/www/api.plataformaam.com/v2/protected/extensions/starship/restfullyii/widgets/ERestJSONOutputWidget.php (158)
in /var/www/api.plataformaam.com/v2/protected/extensions/starship/restfullyii/widgets/ERestJSONOutputWidget.php (115)
2015/04/22 20:52:11 [trace] [system.db.CDbCommand] Querying SQL: SELECT `vcomuserrole0`.`id` AS `t1_c0`, `vcomuserrole0`.`vcomcomposite` AS `t1_c1`, `vcomuserrole0`.`name` AS `t1_c2`, `vcomuserrole0`.`allowedEditVComAggregationRule` AS `t1_c3`, `vcomuserrole0`.`allowedEditVCom` AS `t1_c4`, `vcomuserrole0`.`isClientDefault` AS `t1_c5`, `vcomuserrole0`.`isClientSelectable` AS `t1_c6`, `vcomuserrole0`.`allowedAccessPedagogicalPanel` AS `t1_c7`, `vcomuserrole0`.`allowedAccessOnlineMap` AS `t1_c8` FROM `VComUserRole` `vcomuserrole0`  WHERE (`vcomuserrole0`.`id`=:ypl0)
in /var/www/api.plataformaam.com/v2/protected/extensions/starship/restfullyii/widgets/ERestJSONOutputWidget.php (156)
in /var/www/api.plataformaam.com/v2/protected/extensions/starship/restfullyii/widgets/ERestJSONOutputWidget.php (158)
in /var/www/api.plataformaam.com/v2/protected/extensions/starship/restfullyii/widgets/ERestJSONOutputWidget.php (115)
2015/04/22 20:52:11 [trace] [system.db.ar.CActiveRecord] lazy loading VComUPIAggregationRuleStart.upiaggregationrulestart0
in /var/www/api.plataformaam.com/v2/protected/extensions/starship/restfullyii/widgets/ERestJSONOutputWidget.php (156)
in /var/www/api.plataformaam.com/v2/protected/extensions/starship/restfullyii/widgets/ERestJSONOutputWidget.php (158)
in /var/www/api.plataformaam.com/v2/protected/extensions/starship/restfullyii/widgets/ERestJSONOutputWidget.php (115)
2015/04/22 20:52:11 [trace] [system.db.CDbCommand] Querying SQL: SELECT `upiaggregationrulestart0`.`id` AS `t1_c0`, `upiaggregationrulestart0`.`vcombase` AS `t1_c1`, `upiaggregationrulestart0`.`upitype` AS `t1_c2`, `upiaggregationrulestart0`.`name` AS `t1_c3`, `upiaggregationrulestart0`.`description` AS `t1_c4`, `upiaggregationrulestart0`.`requirePositionToCreate` AS `t1_c5`, `upiaggregationrulestart0`.`requirePositionToView` AS `t1_c6`, `upiaggregationrulestart0`.`republisAllowed` AS `t1_c7`, `upiaggregationrulestart0`.`isSingleton` AS `t1_c8`, `upiaggregationrulestart0`.`visibleDistance` AS `t1_c9` FROM `UPIAggregationRuleStart` `upiaggregationrulestart0`  WHERE (`upiaggregationrulestart0`.`id`=:ypl0)
in /var/www/api.plataformaam.com/v2/protected/extensions/starship/restfullyii/widgets/ERestJSONOutputWidget.php (156)
in /var/www/api.plataformaam.com/v2/protected/extensions/starship/restfullyii/widgets/ERestJSONOutputWidget.php (158)
in /var/www/api.plataformaam.com/v2/protected/extensions/starship/restfullyii/widgets/ERestJSONOutputWidget.php (115)
2015/04/22 20:52:11 [trace] [system.db.ar.CActiveRecord] lazy loading VComUPIAggregationRuleStart.vcomuserrole0
in /var/www/api.plataformaam.com/v2/protected/extensions/starship/restfullyii/widgets/ERestJSONOutputWidget.php (156)
in /var/www/api.plataformaam.com/v2/protected/extensions/starship/restfullyii/widgets/ERestJSONOutputWidget.php (158)
in /var/www/api.plataformaam.com/v2/protected/extensions/starship/restfullyii/widgets/ERestJSONOutputWidget.php (115)
2015/04/22 20:52:11 [trace] [system.db.CDbCommand] Querying SQL: SELECT `vcomuserrole0`.`id` AS `t1_c0`, `vcomuserrole0`.`vcomcomposite` AS `t1_c1`, `vcomuserrole0`.`name` AS `t1_c2`, `vcomuserrole0`.`allowedEditVComAggregationRule` AS `t1_c3`, `vcomuserrole0`.`allowedEditVCom` AS `t1_c4`, `vcomuserrole0`.`isClientDefault` AS `t1_c5`, `vcomuserrole0`.`isClientSelectable` AS `t1_c6`, `vcomuserrole0`.`allowedAccessPedagogicalPanel` AS `t1_c7`, `vcomuserrole0`.`allowedAccessOnlineMap` AS `t1_c8` FROM `VComUserRole` `vcomuserrole0`  WHERE (`vcomuserrole0`.`id`=:ypl0)
in /var/www/api.plataformaam.com/v2/protected/extensions/starship/restfullyii/widgets/ERestJSONOutputWidget.php (156)
in /var/www/api.plataformaam.com/v2/protected/extensions/starship/restfullyii/widgets/ERestJSONOutputWidget.php (158)
in /var/www/api.plataformaam.com/v2/protected/extensions/starship/restfullyii/widgets/ERestJSONOutputWidget.php (115)
2015/04/22 20:52:11 [trace] [system.db.ar.CActiveRecord] lazy loading VComUPIAggregationRuleStart.upiaggregationrulestart0
in /var/www/api.plataformaam.com/v2/protected/extensions/starship/restfullyii/widgets/ERestJSONOutputWidget.php (156)
in /var/www/api.plataformaam.com/v2/protected/extensions/starship/restfullyii/widgets/ERestJSONOutputWidget.php (158)
in /var/www/api.plataformaam.com/v2/protected/extensions/starship/restfullyii/widgets/ERestJSONOutputWidget.php (115)
2015/04/22 20:52:11 [trace] [system.db.CDbCommand] Querying SQL: SELECT `upiaggregationrulestart0`.`id` AS `t1_c0`, `upiaggregationrulestart0`.`vcombase` AS `t1_c1`, `upiaggregationrulestart0`.`upitype` AS `t1_c2`, `upiaggregationrulestart0`.`name` AS `t1_c3`, `upiaggregationrulestart0`.`description` AS `t1_c4`, `upiaggregationrulestart0`.`requirePositionToCreate` AS `t1_c5`, `upiaggregationrulestart0`.`requirePositionToView` AS `t1_c6`, `upiaggregationrulestart0`.`republisAllowed` AS `t1_c7`, `upiaggregationrulestart0`.`isSingleton` AS `t1_c8`, `upiaggregationrulestart0`.`visibleDistance` AS `t1_c9` FROM `UPIAggregationRuleStart` `upiaggregationrulestart0`  WHERE (`upiaggregationrulestart0`.`id`=:ypl0)
in /var/www/api.plataformaam.com/v2/protected/extensions/starship/restfullyii/widgets/ERestJSONOutputWidget.php (156)
in /var/www/api.plataformaam.com/v2/protected/extensions/starship/restfullyii/widgets/ERestJSONOutputWidget.php (158)
in /var/www/api.plataformaam.com/v2/protected/extensions/starship/restfullyii/widgets/ERestJSONOutputWidget.php (115)
2015/04/22 20:52:11 [trace] [system.db.ar.CActiveRecord] lazy loading VComUPIAggregationRuleStart.vcomuserrole0
in /var/www/api.plataformaam.com/v2/protected/extensions/starship/restfullyii/widgets/ERestJSONOutputWidget.php (156)
in /var/www/api.plataformaam.com/v2/protected/extensions/starship/restfullyii/widgets/ERestJSONOutputWidget.php (158)
in /var/www/api.plataformaam.com/v2/protected/extensions/starship/restfullyii/widgets/ERestJSONOutputWidget.php (115)
2015/04/22 20:52:11 [trace] [system.db.CDbCommand] Querying SQL: SELECT `vcomuserrole0`.`id` AS `t1_c0`, `vcomuserrole0`.`vcomcomposite` AS `t1_c1`, `vcomuserrole0`.`name` AS `t1_c2`, `vcomuserrole0`.`allowedEditVComAggregationRule` AS `t1_c3`, `vcomuserrole0`.`allowedEditVCom` AS `t1_c4`, `vcomuserrole0`.`isClientDefault` AS `t1_c5`, `vcomuserrole0`.`isClientSelectable` AS `t1_c6`, `vcomuserrole0`.`allowedAccessPedagogicalPanel` AS `t1_c7`, `vcomuserrole0`.`allowedAccessOnlineMap` AS `t1_c8` FROM `VComUserRole` `vcomuserrole0`  WHERE (`vcomuserrole0`.`id`=:ypl0)
in /var/www/api.plataformaam.com/v2/protected/extensions/starship/restfullyii/widgets/ERestJSONOutputWidget.php (156)
in /var/www/api.plataformaam.com/v2/protected/extensions/starship/restfullyii/widgets/ERestJSONOutputWidget.php (158)
in /var/www/api.plataformaam.com/v2/protected/extensions/starship/restfullyii/widgets/ERestJSONOutputWidget.php (115)
2015/04/22 20:52:11 [trace] [system.db.ar.CActiveRecord] lazy loading VComUPIAggregationRuleStart.upiaggregationrulestart0
in /var/www/api.plataformaam.com/v2/protected/extensions/starship/restfullyii/widgets/ERestJSONOutputWidget.php (156)
in /var/www/api.plataformaam.com/v2/protected/extensions/starship/restfullyii/widgets/ERestJSONOutputWidget.php (158)
in /var/www/api.plataformaam.com/v2/protected/extensions/starship/restfullyii/widgets/ERestJSONOutputWidget.php (115)
2015/04/22 20:52:11 [trace] [system.db.CDbCommand] Querying SQL: SELECT `upiaggregationrulestart0`.`id` AS `t1_c0`, `upiaggregationrulestart0`.`vcombase` AS `t1_c1`, `upiaggregationrulestart0`.`upitype` AS `t1_c2`, `upiaggregationrulestart0`.`name` AS `t1_c3`, `upiaggregationrulestart0`.`description` AS `t1_c4`, `upiaggregationrulestart0`.`requirePositionToCreate` AS `t1_c5`, `upiaggregationrulestart0`.`requirePositionToView` AS `t1_c6`, `upiaggregationrulestart0`.`republisAllowed` AS `t1_c7`, `upiaggregationrulestart0`.`isSingleton` AS `t1_c8`, `upiaggregationrulestart0`.`visibleDistance` AS `t1_c9` FROM `UPIAggregationRuleStart` `upiaggregationrulestart0`  WHERE (`upiaggregationrulestart0`.`id`=:ypl0)
in /var/www/api.plataformaam.com/v2/protected/extensions/starship/restfullyii/widgets/ERestJSONOutputWidget.php (156)
in /var/www/api.plataformaam.com/v2/protected/extensions/starship/restfullyii/widgets/ERestJSONOutputWidget.php (158)
in /var/www/api.plataformaam.com/v2/protected/extensions/starship/restfullyii/widgets/ERestJSONOutputWidget.php (115)
2015/04/22 20:52:11 [trace] [system.db.ar.CActiveRecord] lazy loading VComUPIAggregationRuleStart.vcomuserrole0
in /var/www/api.plataformaam.com/v2/protected/extensions/starship/restfullyii/widgets/ERestJSONOutputWidget.php (156)
in /var/www/api.plataformaam.com/v2/protected/extensions/starship/restfullyii/widgets/ERestJSONOutputWidget.php (158)
in /var/www/api.plataformaam.com/v2/protected/extensions/starship/restfullyii/widgets/ERestJSONOutputWidget.php (115)
2015/04/22 20:52:11 [trace] [system.db.CDbCommand] Querying SQL: SELECT `vcomuserrole0`.`id` AS `t1_c0`, `vcomuserrole0`.`vcomcomposite` AS `t1_c1`, `vcomuserrole0`.`name` AS `t1_c2`, `vcomuserrole0`.`allowedEditVComAggregationRule` AS `t1_c3`, `vcomuserrole0`.`allowedEditVCom` AS `t1_c4`, `vcomuserrole0`.`isClientDefault` AS `t1_c5`, `vcomuserrole0`.`isClientSelectable` AS `t1_c6`, `vcomuserrole0`.`allowedAccessPedagogicalPanel` AS `t1_c7`, `vcomuserrole0`.`allowedAccessOnlineMap` AS `t1_c8` FROM `VComUserRole` `vcomuserrole0`  WHERE (`vcomuserrole0`.`id`=:ypl0)
in /var/www/api.plataformaam.com/v2/protected/extensions/starship/restfullyii/widgets/ERestJSONOutputWidget.php (156)
in /var/www/api.plataformaam.com/v2/protected/extensions/starship/restfullyii/widgets/ERestJSONOutputWidget.php (158)
in /var/www/api.plataformaam.com/v2/protected/extensions/starship/restfullyii/widgets/ERestJSONOutputWidget.php (115)
2015/04/22 20:52:11 [trace] [system.db.ar.CActiveRecord] lazy loading VComUPIAggregationRuleStart.upiaggregationrulestart0
in /var/www/api.plataformaam.com/v2/protected/extensions/starship/restfullyii/widgets/ERestJSONOutputWidget.php (156)
in /var/www/api.plataformaam.com/v2/protected/extensions/starship/restfullyii/widgets/ERestJSONOutputWidget.php (158)
in /var/www/api.plataformaam.com/v2/protected/extensions/starship/restfullyii/widgets/ERestJSONOutputWidget.php (115)
2015/04/22 20:52:11 [trace] [system.db.CDbCommand] Querying SQL: SELECT `upiaggregationrulestart0`.`id` AS `t1_c0`, `upiaggregationrulestart0`.`vcombase` AS `t1_c1`, `upiaggregationrulestart0`.`upitype` AS `t1_c2`, `upiaggregationrulestart0`.`name` AS `t1_c3`, `upiaggregationrulestart0`.`description` AS `t1_c4`, `upiaggregationrulestart0`.`requirePositionToCreate` AS `t1_c5`, `upiaggregationrulestart0`.`requirePositionToView` AS `t1_c6`, `upiaggregationrulestart0`.`republisAllowed` AS `t1_c7`, `upiaggregationrulestart0`.`isSingleton` AS `t1_c8`, `upiaggregationrulestart0`.`visibleDistance` AS `t1_c9` FROM `UPIAggregationRuleStart` `upiaggregationrulestart0`  WHERE (`upiaggregationrulestart0`.`id`=:ypl0)
in /var/www/api.plataformaam.com/v2/protected/extensions/starship/restfullyii/widgets/ERestJSONOutputWidget.php (156)
in /var/www/api.plataformaam.com/v2/protected/extensions/starship/restfullyii/widgets/ERestJSONOutputWidget.php (158)
in /var/www/api.plataformaam.com/v2/protected/extensions/starship/restfullyii/widgets/ERestJSONOutputWidget.php (115)
2015/04/22 20:52:11 [trace] [system.db.ar.CActiveRecord] lazy loading VComUPIAggregationRuleStart.vcomuserrole0
in /var/www/api.plataformaam.com/v2/protected/extensions/starship/restfullyii/widgets/ERestJSONOutputWidget.php (156)
in /var/www/api.plataformaam.com/v2/protected/extensions/starship/restfullyii/widgets/ERestJSONOutputWidget.php (158)
in /var/www/api.plataformaam.com/v2/protected/extensions/starship/restfullyii/widgets/ERestJSONOutputWidget.php (115)
2015/04/22 20:52:11 [trace] [system.db.CDbCommand] Querying SQL: SELECT `vcomuserrole0`.`id` AS `t1_c0`, `vcomuserrole0`.`vcomcomposite` AS `t1_c1`, `vcomuserrole0`.`name` AS `t1_c2`, `vcomuserrole0`.`allowedEditVComAggregationRule` AS `t1_c3`, `vcomuserrole0`.`allowedEditVCom` AS `t1_c4`, `vcomuserrole0`.`isClientDefault` AS `t1_c5`, `vcomuserrole0`.`isClientSelectable` AS `t1_c6`, `vcomuserrole0`.`allowedAccessPedagogicalPanel` AS `t1_c7`, `vcomuserrole0`.`allowedAccessOnlineMap` AS `t1_c8` FROM `VComUserRole` `vcomuserrole0`  WHERE (`vcomuserrole0`.`id`=:ypl0)
in /var/www/api.plataformaam.com/v2/protected/extensions/starship/restfullyii/widgets/ERestJSONOutputWidget.php (156)
in /var/www/api.plataformaam.com/v2/protected/extensions/starship/restfullyii/widgets/ERestJSONOutputWidget.php (158)
in /var/www/api.plataformaam.com/v2/protected/extensions/starship/restfullyii/widgets/ERestJSONOutputWidget.php (115)
2015/04/22 20:52:11 [trace] [application] pre.filter.req.cors.access.control.allow.origin
in /var/www/api.plataformaam.com/v2/protected/extensions/starship/restfullyii/events/ERestEventListenerRegistry.php (79)
in /var/www/api.plataformaam.com/v2/protected/extensions/starship/restfullyii/events/Eventor/Eventor.php (170)
in /var/www/api.plataformaam.com/v2/protected/extensions/starship/restfullyii/behaviors/ERestBehavior.php (102)
2015/04/22 20:52:11 [trace] [application] req.cors.access.control.allow.origin
in /var/www/api.plataformaam.com/v2/protected/extensions/starship/restfullyii/events/ERestEventListenerRegistry.php (79)
in /var/www/api.plataformaam.com/v2/protected/extensions/starship/restfullyii/events/Eventor/Eventor.php (170)
in /var/www/api.plataformaam.com/v2/protected/extensions/starship/restfullyii/behaviors/ERestBehavior.php (108)
2015/04/22 20:52:11 [trace] [application] post.filter.req.cors.access.control.allow.origin
in /var/www/api.plataformaam.com/v2/protected/extensions/starship/restfullyii/events/ERestEventListenerRegistry.php (79)
in /var/www/api.plataformaam.com/v2/protected/extensions/starship/restfullyii/events/Eventor/Eventor.php (170)
in /var/www/api.plataformaam.com/v2/protected/extensions/starship/restfullyii/behaviors/ERestBehavior.php (111)
2015/04/22 20:52:11 [trace] [application] pre.filter.req.auth.cors
in /var/www/api.plataformaam.com/v2/protected/extensions/starship/restfullyii/events/ERestEventListenerRegistry.php (79)
in /var/www/api.plataformaam.com/v2/protected/extensions/starship/restfullyii/events/Eventor/Eventor.php (170)
in /var/www/api.plataformaam.com/v2/protected/extensions/starship/restfullyii/behaviors/ERestBehavior.php (102)
2015/04/22 20:52:11 [trace] [application] req.auth.cors
in /var/www/api.plataformaam.com/v2/protected/extensions/starship/restfullyii/events/ERestEventListenerRegistry.php (79)
in /var/www/api.plataformaam.com/v2/protected/extensions/starship/restfullyii/events/Eventor/Eventor.php (170)
in /var/www/api.plataformaam.com/v2/protected/extensions/starship/restfullyii/behaviors/ERestBehavior.php (108)
2015/04/22 20:52:11 [trace] [application] post.filter.req.auth.cors
in /var/www/api.plataformaam.com/v2/protected/extensions/starship/restfullyii/events/ERestEventListenerRegistry.php (79)
in /var/www/api.plataformaam.com/v2/protected/extensions/starship/restfullyii/events/Eventor/Eventor.php (170)
in /var/www/api.plataformaam.com/v2/protected/extensions/starship/restfullyii/behaviors/ERestBehavior.php (111)
2015/04/22 20:52:11 [trace] [application] post.filter.req.get.resources.render
in /var/www/api.plataformaam.com/v2/protected/extensions/starship/restfullyii/events/ERestEventListenerRegistry.php (79)
in /var/www/api.plataformaam.com/v2/protected/extensions/starship/restfullyii/events/Eventor/Eventor.php (170)
in /var/www/api.plataformaam.com/v2/protected/extensions/starship/restfullyii/behaviors/ERestBehavior.php (111)
