2015/03/17 03:00:34 [trace] [system.CModule] Loading "log" application component
in /var/www/api.plataformaam.com/v1/index.php (22)
2015/03/17 03:00:34 [trace] [system.CModule] Loading "request" application component
in /var/www/api.plataformaam.com/v1/index.php (22)
2015/03/17 03:00:34 [trace] [system.CModule] Loading "urlManager" application component
in /var/www/api.plataformaam.com/v1/index.php (22)
2015/03/17 03:00:34 [trace] [system.web.filters.CFilterChain] Running filter UserController.filteraccessControl()
in /var/www/api.plataformaam.com/v1/index.php (22)
2015/03/17 03:00:34 [trace] [system.CModule] Loading "user" application component
in /var/www/api.plataformaam.com/v1/index.php (22)
2015/03/17 03:00:34 [trace] [system.CModule] Loading "session" application component
in /var/www/api.plataformaam.com/v1/index.php (22)
2015/03/17 03:00:34 [trace] [system.CModule] Loading "coreMessages" application component
in /var/www/api.plataformaam.com/v1/index.php (22)
2015/03/17 03:01:07 [trace] [system.CModule] Loading "log" application component
in /var/www/api.plataformaam.com/v1/index.php (22)
2015/03/17 03:01:07 [trace] [system.CModule] Loading "request" application component
in /var/www/api.plataformaam.com/v1/index.php (22)
2015/03/17 03:01:07 [trace] [system.CModule] Loading "urlManager" application component
in /var/www/api.plataformaam.com/v1/index.php (22)
2015/03/17 03:01:07 [trace] [system.web.filters.CFilterChain] Running filter UserController.filteraccessControl()
in /var/www/api.plataformaam.com/v1/index.php (22)
2015/03/17 03:01:07 [trace] [system.CModule] Loading "user" application component
in /var/www/api.plataformaam.com/v1/index.php (22)
2015/03/17 03:01:07 [trace] [system.CModule] Loading "session" application component
in /var/www/api.plataformaam.com/v1/index.php (22)
2015/03/17 03:01:07 [trace] [system.CModule] Loading "coreMessages" application component
in /var/www/api.plataformaam.com/v1/index.php (22)
2015/03/17 03:03:07 [trace] [system.CModule] Loading "log" application component
in /var/www/api.plataformaam.com/v1/index.php (22)
2015/03/17 03:03:07 [trace] [system.CModule] Loading "request" application component
in /var/www/api.plataformaam.com/v1/index.php (22)
2015/03/17 03:03:07 [trace] [system.CModule] Loading "urlManager" application component
in /var/www/api.plataformaam.com/v1/index.php (22)
2015/03/17 03:03:07 [trace] [system.web.filters.CFilterChain] Running filter UserController.filteraccessControl()
in /var/www/api.plataformaam.com/v1/index.php (22)
2015/03/17 03:03:07 [trace] [system.CModule] Loading "user" application component
in /var/www/api.plataformaam.com/v1/index.php (22)
2015/03/17 03:03:07 [trace] [system.CModule] Loading "session" application component
in /var/www/api.plataformaam.com/v1/index.php (22)
2015/03/17 03:03:07 [trace] [system.CModule] Loading "coreMessages" application component
in /var/www/api.plataformaam.com/v1/index.php (22)
2015/03/17 03:03:08 [trace] [system.CModule] Loading "log" application component
in /var/www/api.plataformaam.com/v1/index.php (22)
2015/03/17 03:03:08 [trace] [system.CModule] Loading "request" application component
in /var/www/api.plataformaam.com/v1/index.php (22)
2015/03/17 03:03:08 [trace] [system.CModule] Loading "urlManager" application component
in /var/www/api.plataformaam.com/v1/index.php (22)
2015/03/17 03:03:08 [trace] [system.web.filters.CFilterChain] Running filter UserController.filteraccessControl()
in /var/www/api.plataformaam.com/v1/index.php (22)
2015/03/17 03:03:08 [trace] [system.CModule] Loading "user" application component
in /var/www/api.plataformaam.com/v1/index.php (22)
2015/03/17 03:03:08 [trace] [system.CModule] Loading "session" application component
in /var/www/api.plataformaam.com/v1/index.php (22)
2015/03/17 03:03:08 [trace] [system.CModule] Loading "coreMessages" application component
in /var/www/api.plataformaam.com/v1/index.php (22)
2015/03/17 03:03:08 [trace] [system.CModule] Loading "log" application component
in /var/www/api.plataformaam.com/v1/index.php (22)
2015/03/17 03:03:08 [trace] [system.CModule] Loading "request" application component
in /var/www/api.plataformaam.com/v1/index.php (22)
2015/03/17 03:03:08 [trace] [system.CModule] Loading "urlManager" application component
in /var/www/api.plataformaam.com/v1/index.php (22)
2015/03/17 03:03:08 [trace] [system.web.filters.CFilterChain] Running filter UserController.filteraccessControl()
in /var/www/api.plataformaam.com/v1/index.php (22)
2015/03/17 03:03:08 [trace] [system.CModule] Loading "user" application component
in /var/www/api.plataformaam.com/v1/index.php (22)
2015/03/17 03:03:08 [trace] [system.CModule] Loading "session" application component
in /var/www/api.plataformaam.com/v1/index.php (22)
2015/03/17 03:03:08 [trace] [system.CModule] Loading "coreMessages" application component
in /var/www/api.plataformaam.com/v1/index.php (22)
2015/03/17 03:03:08 [trace] [system.CModule] Loading "log" application component
in /var/www/api.plataformaam.com/v1/index.php (22)
2015/03/17 03:03:08 [trace] [system.CModule] Loading "request" application component
in /var/www/api.plataformaam.com/v1/index.php (22)
2015/03/17 03:03:08 [trace] [system.CModule] Loading "urlManager" application component
in /var/www/api.plataformaam.com/v1/index.php (22)
2015/03/17 03:03:08 [trace] [system.web.filters.CFilterChain] Running filter UserController.filteraccessControl()
in /var/www/api.plataformaam.com/v1/index.php (22)
2015/03/17 03:03:08 [trace] [system.CModule] Loading "user" application component
in /var/www/api.plataformaam.com/v1/index.php (22)
2015/03/17 03:03:08 [trace] [system.CModule] Loading "session" application component
in /var/www/api.plataformaam.com/v1/index.php (22)
2015/03/17 03:03:09 [trace] [system.CModule] Loading "coreMessages" application component
in /var/www/api.plataformaam.com/v1/index.php (22)
2015/03/17 03:03:09 [trace] [system.CModule] Loading "log" application component
in /var/www/api.plataformaam.com/v1/index.php (22)
2015/03/17 03:03:09 [trace] [system.CModule] Loading "request" application component
in /var/www/api.plataformaam.com/v1/index.php (22)
2015/03/17 03:03:09 [trace] [system.CModule] Loading "urlManager" application component
in /var/www/api.plataformaam.com/v1/index.php (22)
2015/03/17 03:03:09 [trace] [system.web.filters.CFilterChain] Running filter UserController.filteraccessControl()
in /var/www/api.plataformaam.com/v1/index.php (22)
2015/03/17 03:03:09 [trace] [system.CModule] Loading "user" application component
in /var/www/api.plataformaam.com/v1/index.php (22)
2015/03/17 03:03:09 [trace] [system.CModule] Loading "session" application component
in /var/www/api.plataformaam.com/v1/index.php (22)
2015/03/17 03:03:09 [trace] [system.CModule] Loading "coreMessages" application component
in /var/www/api.plataformaam.com/v1/index.php (22)
2015/03/17 03:03:09 [trace] [system.CModule] Loading "log" application component
in /var/www/api.plataformaam.com/v1/index.php (22)
2015/03/17 03:03:09 [trace] [system.CModule] Loading "request" application component
in /var/www/api.plataformaam.com/v1/index.php (22)
2015/03/17 03:03:09 [trace] [system.CModule] Loading "urlManager" application component
in /var/www/api.plataformaam.com/v1/index.php (22)
2015/03/17 03:03:09 [trace] [system.web.filters.CFilterChain] Running filter UserController.filteraccessControl()
in /var/www/api.plataformaam.com/v1/index.php (22)
2015/03/17 03:03:09 [trace] [system.CModule] Loading "user" application component
in /var/www/api.plataformaam.com/v1/index.php (22)
2015/03/17 03:03:09 [trace] [system.CModule] Loading "session" application component
in /var/www/api.plataformaam.com/v1/index.php (22)
2015/03/17 03:03:09 [trace] [system.CModule] Loading "coreMessages" application component
in /var/www/api.plataformaam.com/v1/index.php (22)
2015/03/17 03:03:09 [trace] [system.CModule] Loading "log" application component
in /var/www/api.plataformaam.com/v1/index.php (22)
2015/03/17 03:03:09 [trace] [system.CModule] Loading "request" application component
in /var/www/api.plataformaam.com/v1/index.php (22)
2015/03/17 03:03:09 [trace] [system.CModule] Loading "urlManager" application component
in /var/www/api.plataformaam.com/v1/index.php (22)
2015/03/17 03:03:09 [trace] [system.web.filters.CFilterChain] Running filter UserController.filteraccessControl()
in /var/www/api.plataformaam.com/v1/index.php (22)
2015/03/17 03:03:09 [trace] [system.CModule] Loading "user" application component
in /var/www/api.plataformaam.com/v1/index.php (22)
2015/03/17 03:03:09 [trace] [system.CModule] Loading "session" application component
in /var/www/api.plataformaam.com/v1/index.php (22)
2015/03/17 03:03:09 [trace] [system.CModule] Loading "coreMessages" application component
in /var/www/api.plataformaam.com/v1/index.php (22)
2015/03/17 03:03:09 [trace] [system.CModule] Loading "log" application component
in /var/www/api.plataformaam.com/v1/index.php (22)
2015/03/17 03:03:09 [trace] [system.CModule] Loading "request" application component
in /var/www/api.plataformaam.com/v1/index.php (22)
2015/03/17 03:03:09 [trace] [system.CModule] Loading "urlManager" application component
in /var/www/api.plataformaam.com/v1/index.php (22)
2015/03/17 03:03:09 [trace] [system.web.filters.CFilterChain] Running filter UserController.filteraccessControl()
in /var/www/api.plataformaam.com/v1/index.php (22)
2015/03/17 03:03:09 [trace] [system.CModule] Loading "user" application component
in /var/www/api.plataformaam.com/v1/index.php (22)
2015/03/17 03:03:09 [trace] [system.CModule] Loading "session" application component
in /var/www/api.plataformaam.com/v1/index.php (22)
2015/03/17 03:03:09 [trace] [system.CModule] Loading "coreMessages" application component
in /var/www/api.plataformaam.com/v1/index.php (22)
2015/03/17 03:03:09 [trace] [system.CModule] Loading "log" application component
in /var/www/api.plataformaam.com/v1/index.php (22)
2015/03/17 03:03:09 [trace] [system.CModule] Loading "request" application component
in /var/www/api.plataformaam.com/v1/index.php (22)
2015/03/17 03:03:09 [trace] [system.CModule] Loading "urlManager" application component
in /var/www/api.plataformaam.com/v1/index.php (22)
2015/03/17 03:03:09 [trace] [system.web.filters.CFilterChain] Running filter UserController.filteraccessControl()
in /var/www/api.plataformaam.com/v1/index.php (22)
2015/03/17 03:03:09 [trace] [system.CModule] Loading "user" application component
in /var/www/api.plataformaam.com/v1/index.php (22)
2015/03/17 03:03:09 [trace] [system.CModule] Loading "session" application component
in /var/www/api.plataformaam.com/v1/index.php (22)
2015/03/17 03:03:09 [trace] [system.CModule] Loading "coreMessages" application component
in /var/www/api.plataformaam.com/v1/index.php (22)
2015/03/17 03:03:10 [trace] [system.CModule] Loading "log" application component
in /var/www/api.plataformaam.com/v1/index.php (22)
2015/03/17 03:03:10 [trace] [system.CModule] Loading "request" application component
in /var/www/api.plataformaam.com/v1/index.php (22)
2015/03/17 03:03:10 [trace] [system.CModule] Loading "urlManager" application component
in /var/www/api.plataformaam.com/v1/index.php (22)
2015/03/17 03:03:10 [trace] [system.web.filters.CFilterChain] Running filter UserController.filteraccessControl()
in /var/www/api.plataformaam.com/v1/index.php (22)
2015/03/17 03:03:10 [trace] [system.CModule] Loading "user" application component
in /var/www/api.plataformaam.com/v1/index.php (22)
2015/03/17 03:03:10 [trace] [system.CModule] Loading "session" application component
in /var/www/api.plataformaam.com/v1/index.php (22)
2015/03/17 03:03:10 [trace] [system.CModule] Loading "coreMessages" application component
in /var/www/api.plataformaam.com/v1/index.php (22)
2015/03/17 03:03:10 [trace] [system.CModule] Loading "log" application component
in /var/www/api.plataformaam.com/v1/index.php (22)
2015/03/17 03:03:10 [trace] [system.CModule] Loading "request" application component
in /var/www/api.plataformaam.com/v1/index.php (22)
2015/03/17 03:03:10 [trace] [system.CModule] Loading "urlManager" application component
in /var/www/api.plataformaam.com/v1/index.php (22)
2015/03/17 03:03:10 [trace] [system.web.filters.CFilterChain] Running filter UserController.filteraccessControl()
in /var/www/api.plataformaam.com/v1/index.php (22)
2015/03/17 03:03:10 [trace] [system.CModule] Loading "user" application component
in /var/www/api.plataformaam.com/v1/index.php (22)
2015/03/17 03:03:10 [trace] [system.CModule] Loading "session" application component
in /var/www/api.plataformaam.com/v1/index.php (22)
2015/03/17 03:03:10 [trace] [system.CModule] Loading "coreMessages" application component
in /var/www/api.plataformaam.com/v1/index.php (22)
2015/03/17 03:03:10 [trace] [system.CModule] Loading "log" application component
in /var/www/api.plataformaam.com/v1/index.php (22)
2015/03/17 03:03:10 [trace] [system.CModule] Loading "request" application component
in /var/www/api.plataformaam.com/v1/index.php (22)
2015/03/17 03:03:10 [trace] [system.CModule] Loading "urlManager" application component
in /var/www/api.plataformaam.com/v1/index.php (22)
2015/03/17 03:03:10 [trace] [system.web.filters.CFilterChain] Running filter UserController.filteraccessControl()
in /var/www/api.plataformaam.com/v1/index.php (22)
2015/03/17 03:03:10 [trace] [system.CModule] Loading "user" application component
in /var/www/api.plataformaam.com/v1/index.php (22)
2015/03/17 03:03:10 [trace] [system.CModule] Loading "session" application component
in /var/www/api.plataformaam.com/v1/index.php (22)
2015/03/17 03:03:10 [trace] [system.CModule] Loading "coreMessages" application component
in /var/www/api.plataformaam.com/v1/index.php (22)
2015/03/17 03:03:17 [trace] [system.CModule] Loading "log" application component
in /var/www/api.plataformaam.com/v1/index.php (22)
2015/03/17 03:03:17 [trace] [system.CModule] Loading "request" application component
in /var/www/api.plataformaam.com/v1/index.php (22)
2015/03/17 03:03:17 [trace] [system.CModule] Loading "urlManager" application component
in /var/www/api.plataformaam.com/v1/index.php (22)
2015/03/17 03:03:17 [trace] [system.web.filters.CFilterChain] Running filter UserController.filteraccessControl()
in /var/www/api.plataformaam.com/v1/index.php (22)
2015/03/17 03:03:17 [trace] [system.CModule] Loading "user" application component
in /var/www/api.plataformaam.com/v1/index.php (22)
2015/03/17 03:03:17 [trace] [system.CModule] Loading "session" application component
in /var/www/api.plataformaam.com/v1/index.php (22)
2015/03/17 03:03:17 [trace] [system.CModule] Loading "coreMessages" application component
in /var/www/api.plataformaam.com/v1/index.php (22)
2015/03/17 03:04:51 [trace] [system.CModule] Loading "log" application component
in /var/www/api.plataformaam.com/v1/index.php (22)
2015/03/17 03:04:51 [trace] [system.CModule] Loading "request" application component
in /var/www/api.plataformaam.com/v1/index.php (22)
2015/03/17 03:04:51 [trace] [system.CModule] Loading "urlManager" application component
in /var/www/api.plataformaam.com/v1/index.php (22)
2015/03/17 03:04:51 [trace] [system.web.filters.CFilterChain] Running filter UserController.filteraccessControl()
in /var/www/api.plataformaam.com/v1/index.php (22)
2015/03/17 03:04:51 [trace] [system.CModule] Loading "user" application component
in /var/www/api.plataformaam.com/v1/index.php (22)
2015/03/17 03:04:51 [trace] [system.CModule] Loading "session" application component
in /var/www/api.plataformaam.com/v1/index.php (22)
2015/03/17 03:04:51 [trace] [system.CModule] Loading "coreMessages" application component
in /var/www/api.plataformaam.com/v1/index.php (22)
2015/03/17 03:05:38 [trace] [system.CModule] Loading "log" application component
in /var/www/api.plataformaam.com/v1/index.php (22)
2015/03/17 03:05:38 [trace] [system.CModule] Loading "request" application component
in /var/www/api.plataformaam.com/v1/index.php (22)
2015/03/17 03:05:38 [trace] [system.CModule] Loading "urlManager" application component
in /var/www/api.plataformaam.com/v1/index.php (22)
2015/03/17 03:05:38 [trace] [system.web.filters.CFilterChain] Running filter UserController.filteraccessControl()
in /var/www/api.plataformaam.com/v1/index.php (22)
2015/03/17 03:05:38 [trace] [system.CModule] Loading "user" application component
in /var/www/api.plataformaam.com/v1/index.php (22)
2015/03/17 03:05:38 [trace] [system.CModule] Loading "session" application component
in /var/www/api.plataformaam.com/v1/index.php (22)
2015/03/17 03:05:38 [trace] [system.CModule] Loading "coreMessages" application component
in /var/www/api.plataformaam.com/v1/index.php (22)
2015/03/17 03:05:40 [trace] [system.CModule] Loading "log" application component
in /var/www/api.plataformaam.com/v1/index.php (22)
2015/03/17 03:05:40 [trace] [system.CModule] Loading "request" application component
in /var/www/api.plataformaam.com/v1/index.php (22)
2015/03/17 03:05:40 [trace] [system.CModule] Loading "urlManager" application component
in /var/www/api.plataformaam.com/v1/index.php (22)
2015/03/17 03:05:40 [trace] [system.web.filters.CFilterChain] Running filter UserController.filteraccessControl()
in /var/www/api.plataformaam.com/v1/index.php (22)
2015/03/17 03:05:40 [trace] [system.CModule] Loading "user" application component
in /var/www/api.plataformaam.com/v1/index.php (22)
2015/03/17 03:05:40 [trace] [system.CModule] Loading "session" application component
in /var/www/api.plataformaam.com/v1/index.php (22)
2015/03/17 03:05:40 [trace] [system.CModule] Loading "coreMessages" application component
in /var/www/api.plataformaam.com/v1/index.php (22)
